{"EventID": 1, "UtcTime": "2026-03-26 11:55:25.000", "ProcessId": 4049, "Image": "C:\\Program Files\\Python310\\python.exe", "ParentImage": "C:\\Windows\\System32\\cmd.exe", "CommandLine": "C:\\Program Files\\Python310\\python.exe app.py", "User": "DESKTOP-LAB\\user01", "SourceIp": "10.0.1.53", "DestinationIp": "", "DestinationPort": 0}
{"EventID": 1, "UtcTime": "2026-03-26 11:04:48.000", "ProcessId": 4407, "Image": "C:\\Windows\\System32\\svchost.exe", "ParentImage": "C:\\Windows\\System32\\services.exe", "CommandLine": "C:\\Windows\\System32\\svchost.exe -k netsvcs", "User": "DESKTOP-LAB\\user01", "SourceIp": "10.0.1.54", "DestinationIp": "", "DestinationPort": 0}
{"EventID": 1, "UtcTime": "2026-03-26 12:27:19.000", "ProcessId": 4574, "Image": "C:\\Program Files\\Google\\Chrome\\Application\\chrome.exe", "ParentImage": "C:\\Windows\\explorer.exe", "CommandLine": "C:\\Program Files\\Google\\Chrome\\Application\\chrome.exe --type=renderer", "User": "DESKTOP-LAB\\user01", "SourceIp": "10.0.1.55", "DestinationIp": "", "DestinationPort": 0}
{"EventID": 1, "UtcTime": "2026-03-26 09:12:10.000", "ProcessId": 3677, "Image": "C:\\Windows\\System32\\svchost.exe", "ParentImage": "C:\\Windows\\System32\\services.exe", "CommandLine": "C:\\Windows\\System32\\svchost.exe -k netsvcs", "User": "DESKTOP-LAB\\user01", "SourceIp": "10.0.1.50", "DestinationIp": "", "DestinationPort": 0}
{"EventID": 1, "UtcTime": "2026-03-26 11:24:57.000", "ProcessId": 1953, "Image": "C:\\Windows\\System32\\conhost.exe", "ParentImage": "C:\\Windows\\System32\\cmd.exe", "CommandLine": "C:\\Windows\\System32\\conhost.exe 0xffffffff -ForceV1", "User": "DESKTOP-LAB\\user01", "SourceIp": "10.0.1.53", "DestinationIp": "", "DestinationPort": 0}
{"EventID": 1, "UtcTime": "2026-03-26 12:45:21.000", "ProcessId": 3594, "Image": "C:\\Windows\\System32\\svchost.exe", "ParentImage": "C:\\Windows\\System32\\services.exe", "CommandLine": "C:\\Windows\\System32\\svchost.exe -k netsvcs", "User": "DESKTOP-LAB\\user01", "SourceIp": "10.0.1.55", "DestinationIp": "", "DestinationPort": 0}
{"EventID": 1, "UtcTime": "2026-03-26 14:23:40.000", "ProcessId": 1928, "Image": "C:\\Windows\\System32\\conhost.exe", "ParentImage": "C:\\Windows\\System32\\cmd.exe", "CommandLine": "C:\\Windows\\System32\\conhost.exe 0xffffffff -ForceV1", "User": "DESKTOP-LAB\\user01", "SourceIp": "10.0.1.54", "DestinationIp": "", "DestinationPort": 0}
{"EventID": 1, "UtcTime": "2026-03-26 14:33:36.000", "ProcessId": 6070, "Image": "C:\\Program Files\\Python310\\python.exe", "ParentImage": "C:\\Windows\\System32\\cmd.exe", "CommandLine": "C:\\Program Files\\Python310\\python.exe app.py", "User": "DESKTOP-LAB\\user01", "SourceIp": "10.0.1.51", "DestinationIp": "", "DestinationPort": 0}
{"EventID": 1, "UtcTime": "2026-03-26 10:14:02.000", "ProcessId": 8427, "Image": "C:\\Program Files\\Google\\Chrome\\Application\\chrome.exe", "ParentImage": "C:\\Windows\\explorer.exe", "CommandLine": "C:\\Program Files\\Google\\Chrome\\Application\\chrome.exe --type=renderer", "User": "DESKTOP-LAB\\user01", "SourceIp": "10.0.1.50", "DestinationIp": "", "DestinationPort": 0}
{"EventID": 1, "UtcTime": "2026-03-26 10:08:20.000", "ProcessId": 3824, "Image": "C:\\Windows\\System32\\notepad.exe", "ParentImage": "C:\\Windows\\explorer.exe", "CommandLine": "C:\\Windows\\System32\\notepad.exe document.txt", "User": "DESKTOP-LAB\\user01", "SourceIp": "10.0.1.51", "DestinationIp": "", "DestinationPort": 0}
{"EventID": 1, "UtcTime": "2026-03-26 10:06:49.000", "ProcessId": 5323, "Image": "C:\\Program Files\\Python310\\python.exe", "ParentImage": "C:\\Windows\\System32\\cmd.exe", "CommandLine": "C:\\Program Files\\Python310\\python.exe app.py", "User": "DESKTOP-LAB\\user01", "SourceIp": "10.0.1.52", "DestinationIp": "", "DestinationPort": 0}
{"EventID": 1, "UtcTime": "2026-03-26 10:52:27.000", "ProcessId": 5865, "Image": "C:\\Windows\\System32\\notepad.exe", "ParentImage": "C:\\Windows\\explorer.exe", "CommandLine": "C:\\Windows\\System32\\notepad.exe document.txt", "User": "DESKTOP-LAB\\user01", "SourceIp": "10.0.1.52", "DestinationIp": "", "DestinationPort": 0}
{"EventID": 1, "UtcTime": "2026-03-26 10:47:52.000", "ProcessId": 2399, "Image": "C:\\Windows\\System32\\svchost.exe", "ParentImage": "C:\\Windows\\System32\\services.exe", "CommandLine": "C:\\Windows\\System32\\svchost.exe -k netsvcs", "User": "DESKTOP-LAB\\user01", "SourceIp": "10.0.1.54", "DestinationIp": "", "DestinationPort": 0}
{"EventID": 1, "UtcTime": "2026-03-26 11:19:09.000", "ProcessId": 9145, "Image": "C:\\Windows\\System32\\conhost.exe", "ParentImage": "C:\\Windows\\System32\\cmd.exe", "CommandLine": "C:\\Windows\\System32\\conhost.exe 0xffffffff -ForceV1", "User": "DESKTOP-LAB\\user01", "SourceIp": "10.0.1.52", "DestinationIp": "", "DestinationPort": 0}
{"EventID": 1, "UtcTime": "2026-03-26 09:19:47.000", "ProcessId": 9483, "Image": "C:\\Windows\\System32\\svchost.exe", "ParentImage": "C:\\Windows\\System32\\services.exe", "CommandLine": "C:\\Windows\\System32\\svchost.exe -k netsvcs", "User": "DESKTOP-LAB\\user01", "SourceIp": "10.0.1.51", "DestinationIp": "", "DestinationPort": 0}
{"EventID": 1, "UtcTime": "2026-03-26 14:55:50.000", "ProcessId": 2505, "Image": "C:\\Program Files\\Python310\\python.exe", "ParentImage": "C:\\Windows\\System32\\cmd.exe", "CommandLine": "C:\\Program Files\\Python310\\python.exe app.py", "User": "DESKTOP-LAB\\user01", "SourceIp": "10.0.1.53", "DestinationIp": "", "DestinationPort": 0}
{"EventID": 1, "UtcTime": "2026-03-26 11:14:50.000", "ProcessId": 4723, "Image": "C:\\Windows\\System32\\conhost.exe", "ParentImage": "C:\\Windows\\System32\\cmd.exe", "CommandLine": "C:\\Windows\\System32\\conhost.exe 0xffffffff -ForceV1", "User": "DESKTOP-LAB\\user01", "SourceIp": "10.0.1.51", "DestinationIp": "", "DestinationPort": 0}
{"EventID": 1, "UtcTime": "2026-03-26 10:40:13.000", "ProcessId": 4244, "Image": "C:\\Program Files\\Google\\Chrome\\Application\\chrome.exe", "ParentImage": "C:\\Windows\\explorer.exe", "CommandLine": "C:\\Program Files\\Google\\Chrome\\Application\\chrome.exe --type=renderer", "User": "DESKTOP-LAB\\user01", "SourceIp": "10.0.1.53", "DestinationIp": "", "DestinationPort": 0}
{"EventID": 1, "UtcTime": "2026-03-26 11:14:22.000", "ProcessId": 5788, "Image": "C:\\Program Files\\Google\\Chrome\\Application\\chrome.exe", "ParentImage": "C:\\Windows\\explorer.exe", "CommandLine": "C:\\Program Files\\Google\\Chrome\\Application\\chrome.exe --type=renderer", "User": "DESKTOP-LAB\\user01", "SourceIp": "10.0.1.55", "DestinationIp": "", "DestinationPort": 0}
{"EventID": 1, "UtcTime": "2026-03-26 12:41:42.000", "ProcessId": 3823, "Image": "C:\\Windows\\System32\\svchost.exe", "ParentImage": "C:\\Windows\\System32\\services.exe", "CommandLine": "C:\\Windows\\System32\\svchost.exe -k netsvcs", "User": "DESKTOP-LAB\\user01", "SourceIp": "10.0.1.55", "DestinationIp": "", "DestinationPort": 0}
{"EventID": 1, "UtcTime": "2026-03-26 11:23:34.000", "ProcessId": 4937, "Image": "C:\\Windows\\System32\\conhost.exe", "ParentImage": "C:\\Windows\\System32\\cmd.exe", "CommandLine": "C:\\Windows\\System32\\conhost.exe 0xffffffff -ForceV1", "User": "DESKTOP-LAB\\user01", "SourceIp": "10.0.1.50", "DestinationIp": "", "DestinationPort": 0}
{"EventID": 1, "UtcTime": "2026-03-26 12:39:35.000", "ProcessId": 3851, "Image": "C:\\Program Files\\Python310\\python.exe", "ParentImage": "C:\\Windows\\System32\\cmd.exe", "CommandLine": "C:\\Program Files\\Python310\\python.exe app.py", "User": "DESKTOP-LAB\\user01", "SourceIp": "10.0.1.55", "DestinationIp": "", "DestinationPort": 0}
{"EventID": 1, "UtcTime": "2026-03-26 13:51:10.000", "ProcessId": 6311, "Image": "C:\\Windows\\System32\\svchost.exe", "ParentImage": "C:\\Windows\\System32\\services.exe", "CommandLine": "C:\\Windows\\System32\\svchost.exe -k netsvcs", "User": "DESKTOP-LAB\\user01", "SourceIp": "10.0.1.53", "DestinationIp": "", "DestinationPort": 0}
{"EventID": 1, "UtcTime": "2026-03-26 14:46:33.000", "ProcessId": 4763, "Image": "C:\\Program Files\\Python310\\python.exe", "ParentImage": "C:\\Windows\\System32\\cmd.exe", "CommandLine": "C:\\Program Files\\Python310\\python.exe app.py", "User": "DESKTOP-LAB\\user01", "SourceIp": "10.0.1.53", "DestinationIp": "", "DestinationPort": 0}
{"EventID": 1, "UtcTime": "2026-03-26 12:48:51.000", "ProcessId": 3699, "Image": "C:\\Program Files\\Python310\\python.exe", "ParentImage": "C:\\Windows\\System32\\cmd.exe", "CommandLine": "C:\\Program Files\\Python310\\python.exe app.py", "User": "DESKTOP-LAB\\user01", "SourceIp": "10.0.1.52", "DestinationIp": "", "DestinationPort": 0}
{"EventID": 1, "UtcTime": "2026-03-26 12:17:10.000", "ProcessId": 2094, "Image": "C:\\Program Files\\Google\\Chrome\\Application\\chrome.exe", "ParentImage": "C:\\Windows\\explorer.exe", "CommandLine": "C:\\Program Files\\Google\\Chrome\\Application\\chrome.exe --type=renderer", "User": "DESKTOP-LAB\\user01", "SourceIp": "10.0.1.54", "DestinationIp": "", "DestinationPort": 0}
{"EventID": 1, "UtcTime": "2026-03-26 13:43:00.000", "ProcessId": 7407, "Image": "C:\\Program Files\\Google\\Chrome\\Application\\chrome.exe", "ParentImage": "C:\\Windows\\explorer.exe", "CommandLine": "C:\\Program Files\\Google\\Chrome\\Application\\chrome.exe --type=renderer", "User": "DESKTOP-LAB\\user01", "SourceIp": "10.0.1.54", "DestinationIp": "", "DestinationPort": 0}
{"EventID": 1, "UtcTime": "2026-03-26 11:43:55.000", "ProcessId": 9257, "Image": "C:\\Program Files\\Python310\\python.exe", "ParentImage": "C:\\Windows\\System32\\cmd.exe", "CommandLine": "C:\\Program Files\\Python310\\python.exe app.py", "User": "DESKTOP-LAB\\user01", "SourceIp": "10.0.1.52", "DestinationIp": "", "DestinationPort": 0}
{"EventID": 1, "UtcTime": "2026-03-26 12:52:34.000", "ProcessId": 4637, "Image": "C:\\Program Files\\Python310\\python.exe", "ParentImage": "C:\\Windows\\System32\\cmd.exe", "CommandLine": "C:\\Program Files\\Python310\\python.exe app.py", "User": "DESKTOP-LAB\\user01", "SourceIp": "10.0.1.54", "DestinationIp": "", "DestinationPort": 0}
{"EventID": 1, "UtcTime": "2026-03-26 13:27:09.000", "ProcessId": 4867, "Image": "C:\\Windows\\System32\\notepad.exe", "ParentImage": "C:\\Windows\\explorer.exe", "CommandLine": "C:\\Windows\\System32\\notepad.exe document.txt", "User": "DESKTOP-LAB\\user01", "SourceIp": "10.0.1.54", "DestinationIp": "", "DestinationPort": 0}
{"EventID": 1, "UtcTime": "2026-03-26 13:33:09.000", "ProcessId": 1744, "Image": "C:\\Windows\\System32\\conhost.exe", "ParentImage": "C:\\Windows\\System32\\cmd.exe", "CommandLine": "C:\\Windows\\System32\\conhost.exe 0xffffffff -ForceV1", "User": "DESKTOP-LAB\\user01", "SourceIp": "10.0.1.54", "DestinationIp": "", "DestinationPort": 0}
{"EventID": 1, "UtcTime": "2026-03-26 12:03:24.000", "ProcessId": 5032, "Image": "C:\\Windows\\System32\\svchost.exe", "ParentImage": "C:\\Windows\\System32\\services.exe", "CommandLine": "C:\\Windows\\System32\\svchost.exe -k netsvcs", "User": "DESKTOP-LAB\\user01", "SourceIp": "10.0.1.51", "DestinationIp": "", "DestinationPort": 0}
{"EventID": 1, "UtcTime": "2026-03-26 11:32:30.000", "ProcessId": 6231, "Image": "C:\\Program Files\\Python310\\python.exe", "ParentImage": "C:\\Windows\\System32\\cmd.exe", "CommandLine": "C:\\Program Files\\Python310\\python.exe app.py", "User": "DESKTOP-LAB\\user01", "SourceIp": "10.0.1.53", "DestinationIp": "", "DestinationPort": 0}
{"EventID": 1, "UtcTime": "2026-03-26 13:06:47.000", "ProcessId": 2730, "Image": "C:\\Windows\\System32\\notepad.exe", "ParentImage": "C:\\Windows\\explorer.exe", "CommandLine": "C:\\Windows\\System32\\notepad.exe document.txt", "User": "DESKTOP-LAB\\user01", "SourceIp": "10.0.1.53", "DestinationIp": "", "DestinationPort": 0}
{"EventID": 1, "UtcTime": "2026-03-26 13:49:15.000", "ProcessId": 9159, "Image": "C:\\Windows\\System32\\svchost.exe", "ParentImage": "C:\\Windows\\System32\\services.exe", "CommandLine": "C:\\Windows\\System32\\svchost.exe -k netsvcs", "User": "DESKTOP-LAB\\user01", "SourceIp": "10.0.1.50", "DestinationIp": "", "DestinationPort": 0}
{"EventID": 1, "UtcTime": "2026-03-26 12:00:59.000", "ProcessId": 6049, "Image": "C:\\Program Files\\Google\\Chrome\\Application\\chrome.exe", "ParentImage": "C:\\Windows\\explorer.exe", "CommandLine": "C:\\Program Files\\Google\\Chrome\\Application\\chrome.exe --type=renderer", "User": "DESKTOP-LAB\\user01", "SourceIp": "10.0.1.54", "DestinationIp": "", "DestinationPort": 0}
{"EventID": 1, "UtcTime": "2026-03-26 14:37:13.000", "ProcessId": 3834, "Image": "C:\\Windows\\System32\\notepad.exe", "ParentImage": "C:\\Windows\\explorer.exe", "CommandLine": "C:\\Windows\\System32\\notepad.exe document.txt", "User": "DESKTOP-LAB\\user01", "SourceIp": "10.0.1.50", "DestinationIp": "", "DestinationPort": 0}
{"EventID": 1, "UtcTime": "2026-03-26 10:08:58.000", "ProcessId": 9730, "Image": "C:\\Windows\\System32\\notepad.exe", "ParentImage": "C:\\Windows\\explorer.exe", "CommandLine": "C:\\Windows\\System32\\notepad.exe document.txt", "User": "DESKTOP-LAB\\user01", "SourceIp": "10.0.1.54", "DestinationIp": "", "DestinationPort": 0}
{"EventID": 1, "UtcTime": "2026-03-26 12:02:48.000", "ProcessId": 9434, "Image": "C:\\Windows\\System32\\svchost.exe", "ParentImage": "C:\\Windows\\System32\\services.exe", "CommandLine": "C:\\Windows\\System32\\svchost.exe -k netsvcs", "User": "DESKTOP-LAB\\user01", "SourceIp": "10.0.1.54", "DestinationIp": "", "DestinationPort": 0}
{"EventID": 1, "UtcTime": "2026-03-26 14:35:55.000", "ProcessId": 5879, "Image": "C:\\Windows\\System32\\conhost.exe", "ParentImage": "C:\\Windows\\System32\\cmd.exe", "CommandLine": "C:\\Windows\\System32\\conhost.exe 0xffffffff -ForceV1", "User": "DESKTOP-LAB\\user01", "SourceIp": "10.0.1.55", "DestinationIp": "", "DestinationPort": 0}
{"EventID": 1, "UtcTime": "2026-03-26 12:23:31.000", "ProcessId": 1997, "Image": "C:\\Windows\\System32\\conhost.exe", "ParentImage": "C:\\Windows\\System32\\cmd.exe", "CommandLine": "C:\\Windows\\System32\\conhost.exe 0xffffffff -ForceV1", "User": "DESKTOP-LAB\\user01", "SourceIp": "10.0.1.51", "DestinationIp": "", "DestinationPort": 0}
{"EventID": 1, "UtcTime": "2026-03-26 11:07:40.000", "ProcessId": 9986, "Image": "C:\\Program Files\\Google\\Chrome\\Application\\chrome.exe", "ParentImage": "C:\\Windows\\explorer.exe", "CommandLine": "C:\\Program Files\\Google\\Chrome\\Application\\chrome.exe --type=renderer", "User": "DESKTOP-LAB\\user01", "SourceIp": "10.0.1.51", "DestinationIp": "", "DestinationPort": 0}
{"EventID": 1, "UtcTime": "2026-03-26 10:31:44.000", "ProcessId": 9437, "Image": "C:\\Program Files\\Google\\Chrome\\Application\\chrome.exe", "ParentImage": "C:\\Windows\\explorer.exe", "CommandLine": "C:\\Program Files\\Google\\Chrome\\Application\\chrome.exe --type=renderer", "User": "DESKTOP-LAB\\user01", "SourceIp": "10.0.1.51", "DestinationIp": "", "DestinationPort": 0}
{"EventID": 1, "UtcTime": "2026-03-26 10:38:10.000", "ProcessId": 4268, "Image": "C:\\Windows\\System32\\svchost.exe", "ParentImage": "C:\\Windows\\System32\\services.exe", "CommandLine": "C:\\Windows\\System32\\svchost.exe -k netsvcs", "User": "DESKTOP-LAB\\user01", "SourceIp": "10.0.1.51", "DestinationIp": "", "DestinationPort": 0}
{"EventID": 1, "UtcTime": "2026-03-26 10:13:49.000", "ProcessId": 1579, "Image": "C:\\Windows\\System32\\conhost.exe", "ParentImage": "C:\\Windows\\System32\\cmd.exe", "CommandLine": "C:\\Windows\\System32\\conhost.exe 0xffffffff -ForceV1", "User": "DESKTOP-LAB\\user01", "SourceIp": "10.0.1.55", "DestinationIp": "", "DestinationPort": 0}
{"EventID": 1, "UtcTime": "2026-03-26 10:09:06.000", "ProcessId": 5899, "Image": "C:\\Windows\\System32\\notepad.exe", "ParentImage": "C:\\Windows\\explorer.exe", "CommandLine": "C:\\Windows\\System32\\notepad.exe document.txt", "User": "DESKTOP-LAB\\user01", "SourceIp": "10.0.1.50", "DestinationIp": "", "DestinationPort": 0}
{"EventID": 1, "UtcTime": "2026-03-26 14:27:30.000", "ProcessId": 5353, "Image": "C:\\Program Files\\Python310\\python.exe", "ParentImage": "C:\\Windows\\System32\\cmd.exe", "CommandLine": "C:\\Program Files\\Python310\\python.exe app.py", "User": "DESKTOP-LAB\\user01", "SourceIp": "10.0.1.50", "DestinationIp": "", "DestinationPort": 0}
{"EventID": 1, "UtcTime": "2026-03-26 10:15:30.000", "ProcessId": 2191, "Image": "C:\\Windows\\System32\\svchost.exe", "ParentImage": "C:\\Windows\\System32\\services.exe", "CommandLine": "C:\\Windows\\System32\\svchost.exe -k netsvcs", "User": "DESKTOP-LAB\\user01", "SourceIp": "10.0.1.55", "DestinationIp": "", "DestinationPort": 0}
{"EventID": 1, "UtcTime": "2026-03-26 11:05:10.000", "ProcessId": 1299, "Image": "C:\\Program Files\\Google\\Chrome\\Application\\chrome.exe", "ParentImage": "C:\\Windows\\explorer.exe", "CommandLine": "C:\\Program Files\\Google\\Chrome\\Application\\chrome.exe --type=renderer", "User": "DESKTOP-LAB\\user01", "SourceIp": "10.0.1.50", "DestinationIp": "", "DestinationPort": 0}
{"EventID": 1, "UtcTime": "2026-03-26 13:29:43.000", "ProcessId": 3676, "Image": "C:\\Windows\\System32\\notepad.exe", "ParentImage": "C:\\Windows\\explorer.exe", "CommandLine": "C:\\Windows\\System32\\notepad.exe document.txt", "User": "DESKTOP-LAB\\user01", "SourceIp": "10.0.1.50", "DestinationIp": "", "DestinationPort": 0}
{"EventID": 1, "UtcTime": "2026-03-26 09:42:55.000", "ProcessId": 5946, "Image": "C:\\Windows\\System32\\svchost.exe", "ParentImage": "C:\\Windows\\System32\\services.exe", "CommandLine": "C:\\Windows\\System32\\svchost.exe -k netsvcs", "User": "DESKTOP-LAB\\user01", "SourceIp": "10.0.1.54", "DestinationIp": "", "DestinationPort": 0}
{"EventID": 1, "UtcTime": "2026-03-26 10:45:12.000", "ProcessId": 7521, "Image": "C:\\Windows\\System32\\conhost.exe", "ParentImage": "C:\\Windows\\System32\\cmd.exe", "CommandLine": "C:\\Windows\\System32\\conhost.exe 0xffffffff -ForceV1", "User": "DESKTOP-LAB\\user01", "SourceIp": "10.0.1.55", "DestinationIp": "", "DestinationPort": 0}
{"EventID": 1, "UtcTime": "2026-03-26 10:59:53.000", "ProcessId": 5059, "Image": "C:\\Windows\\System32\\conhost.exe", "ParentImage": "C:\\Windows\\System32\\cmd.exe", "CommandLine": "C:\\Windows\\System32\\conhost.exe 0xffffffff -ForceV1", "User": "DESKTOP-LAB\\user01", "SourceIp": "10.0.1.52", "DestinationIp": "", "DestinationPort": 0}
{"EventID": 1, "UtcTime": "2026-03-26 10:12:22.000", "ProcessId": 1812, "Image": "C:\\Windows\\System32\\svchost.exe", "ParentImage": "C:\\Windows\\System32\\services.exe", "CommandLine": "C:\\Windows\\System32\\svchost.exe -k netsvcs", "User": "DESKTOP-LAB\\user01", "SourceIp": "10.0.1.52", "DestinationIp": "", "DestinationPort": 0}
{"EventID": 1, "UtcTime": "2026-03-26 10:10:37.000", "ProcessId": 1434, "Image": "C:\\Windows\\System32\\conhost.exe", "ParentImage": "C:\\Windows\\System32\\cmd.exe", "CommandLine": "C:\\Windows\\System32\\conhost.exe 0xffffffff -ForceV1", "User": "DESKTOP-LAB\\user01", "SourceIp": "10.0.1.55", "DestinationIp": "", "DestinationPort": 0}
{"EventID": 1, "UtcTime": "2026-03-26 11:36:12.000", "ProcessId": 5626, "Image": "C:\\Program Files\\Google\\Chrome\\Application\\chrome.exe", "ParentImage": "C:\\Windows\\explorer.exe", "CommandLine": "C:\\Program Files\\Google\\Chrome\\Application\\chrome.exe --type=renderer", "User": "DESKTOP-LAB\\user01", "SourceIp": "10.0.1.50", "DestinationIp": "", "DestinationPort": 0}
{"EventID": 1, "UtcTime": "2026-03-26 12:36:31.000", "ProcessId": 6236, "Image": "C:\\Program Files\\Google\\Chrome\\Application\\chrome.exe", "ParentImage": "C:\\Windows\\explorer.exe", "CommandLine": "C:\\Program Files\\Google\\Chrome\\Application\\chrome.exe --type=renderer", "User": "DESKTOP-LAB\\user01", "SourceIp": "10.0.1.55", "DestinationIp": "", "DestinationPort": 0}
{"EventID": 1, "UtcTime": "2026-03-26 12:32:59.000", "ProcessId": 1813, "Image": "C:\\Windows\\System32\\conhost.exe", "ParentImage": "C:\\Windows\\System32\\cmd.exe", "CommandLine": "C:\\Windows\\System32\\conhost.exe 0xffffffff -ForceV1", "User": "DESKTOP-LAB\\user01", "SourceIp": "10.0.1.55", "DestinationIp": "", "DestinationPort": 0}
{"EventID": 1, "UtcTime": "2026-03-26 13:53:52.000", "ProcessId": 3026, "Image": "C:\\Windows\\System32\\notepad.exe", "ParentImage": "C:\\Windows\\explorer.exe", "CommandLine": "C:\\Windows\\System32\\notepad.exe document.txt", "User": "DESKTOP-LAB\\user01", "SourceIp": "10.0.1.55", "DestinationIp": "", "DestinationPort": 0}
{"EventID": 1, "UtcTime": "2026-03-26 10:30:56.000", "ProcessId": 6431, "Image": "C:\\Windows\\System32\\svchost.exe", "ParentImage": "C:\\Windows\\System32\\services.exe", "CommandLine": "C:\\Windows\\System32\\svchost.exe -k netsvcs", "User": "DESKTOP-LAB\\user01", "SourceIp": "10.0.1.52", "DestinationIp": "", "DestinationPort": 0}
{"EventID": 1, "UtcTime": "2026-03-26 12:09:27.000", "ProcessId": 6435, "Image": "C:\\Program Files\\Google\\Chrome\\Application\\chrome.exe", "ParentImage": "C:\\Windows\\explorer.exe", "CommandLine": "C:\\Program Files\\Google\\Chrome\\Application\\chrome.exe --type=renderer", "User": "DESKTOP-LAB\\user01", "SourceIp": "10.0.1.51", "DestinationIp": "", "DestinationPort": 0}
{"EventID": 1, "UtcTime": "2026-03-26 10:53:14.000", "ProcessId": 7251, "Image": "C:\\Windows\\System32\\notepad.exe", "ParentImage": "C:\\Windows\\explorer.exe", "CommandLine": "C:\\Windows\\System32\\notepad.exe document.txt", "User": "DESKTOP-LAB\\user01", "SourceIp": "10.0.1.52", "DestinationIp": "", "DestinationPort": 0}
{"EventID": 1, "UtcTime": "2026-03-26 11:53:49.000", "ProcessId": 5005, "Image": "C:\\Windows\\System32\\conhost.exe", "ParentImage": "C:\\Windows\\System32\\cmd.exe", "CommandLine": "C:\\Windows\\System32\\conhost.exe 0xffffffff -ForceV1", "User": "DESKTOP-LAB\\user01", "SourceIp": "10.0.1.51", "DestinationIp": "", "DestinationPort": 0}
{"EventID": 1, "UtcTime": "2026-03-26 13:07:59.000", "ProcessId": 6840, "Image": "C:\\Program Files\\Python310\\python.exe", "ParentImage": "C:\\Windows\\System32\\cmd.exe", "CommandLine": "C:\\Program Files\\Python310\\python.exe app.py", "User": "DESKTOP-LAB\\user01", "SourceIp": "10.0.1.52", "DestinationIp": "", "DestinationPort": 0}
{"EventID": 1, "UtcTime": "2026-03-26 14:20:55.000", "ProcessId": 5237, "Image": "C:\\Windows\\System32\\conhost.exe", "ParentImage": "C:\\Windows\\System32\\cmd.exe", "CommandLine": "C:\\Windows\\System32\\conhost.exe 0xffffffff -ForceV1", "User": "DESKTOP-LAB\\user01", "SourceIp": "10.0.1.55", "DestinationIp": "", "DestinationPort": 0}
{"EventID": 1, "UtcTime": "2026-03-26 12:17:27.000", "ProcessId": 2200, "Image": "C:\\Program Files\\Google\\Chrome\\Application\\chrome.exe", "ParentImage": "C:\\Windows\\explorer.exe", "CommandLine": "C:\\Program Files\\Google\\Chrome\\Application\\chrome.exe --type=renderer", "User": "DESKTOP-LAB\\user01", "SourceIp": "10.0.1.52", "DestinationIp": "", "DestinationPort": 0}
{"EventID": 1, "UtcTime": "2026-03-26 14:59:35.000", "ProcessId": 5867, "Image": "C:\\Program Files\\Python310\\python.exe", "ParentImage": "C:\\Windows\\System32\\cmd.exe", "CommandLine": "C:\\Program Files\\Python310\\python.exe app.py", "User": "DESKTOP-LAB\\user01", "SourceIp": "10.0.1.55", "DestinationIp": "", "DestinationPort": 0}
{"EventID": 1, "UtcTime": "2026-03-26 13:05:20.000", "ProcessId": 4796, "Image": "C:\\Windows\\System32\\conhost.exe", "ParentImage": "C:\\Windows\\System32\\cmd.exe", "CommandLine": "C:\\Windows\\System32\\conhost.exe 0xffffffff -ForceV1", "User": "DESKTOP-LAB\\user01", "SourceIp": "10.0.1.52", "DestinationIp": "", "DestinationPort": 0}
{"EventID": 1, "UtcTime": "2026-03-26 13:34:26.000", "ProcessId": 7134, "Image": "C:\\Windows\\System32\\svchost.exe", "ParentImage": "C:\\Windows\\System32\\services.exe", "CommandLine": "C:\\Windows\\System32\\svchost.exe -k netsvcs", "User": "DESKTOP-LAB\\user01", "SourceIp": "10.0.1.50", "DestinationIp": "", "DestinationPort": 0}
{"EventID": 1, "UtcTime": "2026-03-26 11:11:17.000", "ProcessId": 6328, "Image": "C:\\Windows\\System32\\conhost.exe", "ParentImage": "C:\\Windows\\System32\\cmd.exe", "CommandLine": "C:\\Windows\\System32\\conhost.exe 0xffffffff -ForceV1", "User": "DESKTOP-LAB\\user01", "SourceIp": "10.0.1.50", "DestinationIp": "", "DestinationPort": 0}
{"EventID": 1, "UtcTime": "2026-03-26 09:45:17.000", "ProcessId": 2164, "Image": "C:\\Windows\\System32\\conhost.exe", "ParentImage": "C:\\Windows\\System32\\cmd.exe", "CommandLine": "C:\\Windows\\System32\\conhost.exe 0xffffffff -ForceV1", "User": "DESKTOP-LAB\\user01", "SourceIp": "10.0.1.50", "DestinationIp": "", "DestinationPort": 0}
{"EventID": 1, "UtcTime": "2026-03-26 12:43:01.000", "ProcessId": 1510, "Image": "C:\\Program Files\\Python310\\python.exe", "ParentImage": "C:\\Windows\\System32\\cmd.exe", "CommandLine": "C:\\Program Files\\Python310\\python.exe app.py", "User": "DESKTOP-LAB\\user01", "SourceIp": "10.0.1.55", "DestinationIp": "", "DestinationPort": 0}
{"EventID": 1, "UtcTime": "2026-03-26 13:21:29.000", "ProcessId": 2929, "Image": "C:\\Program Files\\Python310\\python.exe", "ParentImage": "C:\\Windows\\System32\\cmd.exe", "CommandLine": "C:\\Program Files\\Python310\\python.exe app.py", "User": "DESKTOP-LAB\\user01", "SourceIp": "10.0.1.53", "DestinationIp": "", "DestinationPort": 0}
{"EventID": 1, "UtcTime": "2026-03-26 11:17:54.000", "ProcessId": 5331, "Image": "C:\\Program Files\\Python310\\python.exe", "ParentImage": "C:\\Windows\\System32\\cmd.exe", "CommandLine": "C:\\Program Files\\Python310\\python.exe app.py", "User": "DESKTOP-LAB\\user01", "SourceIp": "10.0.1.50", "DestinationIp": "", "DestinationPort": 0}
{"EventID": 1, "UtcTime": "2026-03-26 13:31:35.000", "ProcessId": 1989, "Image": "C:\\Windows\\System32\\conhost.exe", "ParentImage": "C:\\Windows\\System32\\cmd.exe", "CommandLine": "C:\\Windows\\System32\\conhost.exe 0xffffffff -ForceV1", "User": "DESKTOP-LAB\\user01", "SourceIp": "10.0.1.50", "DestinationIp": "", "DestinationPort": 0}
{"EventID": 1, "UtcTime": "2026-03-26 09:30:58.000", "ProcessId": 9803, "Image": "C:\\Windows\\System32\\svchost.exe", "ParentImage": "C:\\Windows\\System32\\services.exe", "CommandLine": "C:\\Windows\\System32\\svchost.exe -k netsvcs", "User": "DESKTOP-LAB\\user01", "SourceIp": "10.0.1.55", "DestinationIp": "", "DestinationPort": 0}
{"EventID": 1, "UtcTime": "2026-03-26 11:51:14.000", "ProcessId": 9427, "Image": "C:\\Program Files\\Python310\\python.exe", "ParentImage": "C:\\Windows\\System32\\cmd.exe", "CommandLine": "C:\\Program Files\\Python310\\python.exe app.py", "User": "DESKTOP-LAB\\user01", "SourceIp": "10.0.1.50", "DestinationIp": "", "DestinationPort": 0}
{"EventID": 1, "UtcTime": "2026-03-26 09:27:05.000", "ProcessId": 6463, "Image": "C:\\Windows\\System32\\conhost.exe", "ParentImage": "C:\\Windows\\System32\\cmd.exe", "CommandLine": "C:\\Windows\\System32\\conhost.exe 0xffffffff -ForceV1", "User": "DESKTOP-LAB\\user01", "SourceIp": "10.0.1.51", "DestinationIp": "", "DestinationPort": 0}
{"EventID": 1, "UtcTime": "2026-03-26 10:54:38.000", "ProcessId": 9574, "Image": "C:\\Windows\\System32\\notepad.exe", "ParentImage": "C:\\Windows\\explorer.exe", "CommandLine": "C:\\Windows\\System32\\notepad.exe document.txt", "User": "DESKTOP-LAB\\user01", "SourceIp": "10.0.1.54", "DestinationIp": "", "DestinationPort": 0}
{"EventID": 1, "UtcTime": "2026-03-26 13:03:07.000", "ProcessId": 9955, "Image": "C:\\Program Files\\Python310\\python.exe", "ParentImage": "C:\\Windows\\System32\\cmd.exe", "CommandLine": "C:\\Program Files\\Python310\\python.exe app.py", "User": "DESKTOP-LAB\\user01", "SourceIp": "10.0.1.50", "DestinationIp": "", "DestinationPort": 0}
{"EventID": 1, "UtcTime": "2026-03-26 10:24:52.000", "ProcessId": 3844, "Image": "C:\\Windows\\System32\\svchost.exe", "ParentImage": "C:\\Windows\\System32\\services.exe", "CommandLine": "C:\\Windows\\System32\\svchost.exe -k netsvcs", "User": "DESKTOP-LAB\\user01", "SourceIp": "10.0.1.54", "DestinationIp": "", "DestinationPort": 0}
{"EventID": 1, "UtcTime": "2026-03-26 10:37:48.000", "ProcessId": 5470, "Image": "C:\\Windows\\System32\\conhost.exe", "ParentImage": "C:\\Windows\\System32\\cmd.exe", "CommandLine": "C:\\Windows\\System32\\conhost.exe 0xffffffff -ForceV1", "User": "DESKTOP-LAB\\user01", "SourceIp": "10.0.1.51", "DestinationIp": "", "DestinationPort": 0}
{"EventID": 1, "UtcTime": "2026-03-26 13:10:24.000", "ProcessId": 9236, "Image": "C:\\Program Files\\Python310\\python.exe", "ParentImage": "C:\\Windows\\System32\\cmd.exe", "CommandLine": "C:\\Program Files\\Python310\\python.exe app.py", "User": "DESKTOP-LAB\\user01", "SourceIp": "10.0.1.50", "DestinationIp": "", "DestinationPort": 0}
{"EventID": 1, "UtcTime": "2026-03-26 09:20:48.000", "ProcessId": 6027, "Image": "C:\\Windows\\System32\\notepad.exe", "ParentImage": "C:\\Windows\\explorer.exe", "CommandLine": "C:\\Windows\\System32\\notepad.exe document.txt", "User": "DESKTOP-LAB\\user01", "SourceIp": "10.0.1.53", "DestinationIp": "", "DestinationPort": 0}
{"EventID": 1, "UtcTime": "2026-03-26 10:52:11.000", "ProcessId": 6330, "Image": "C:\\Program Files\\Python310\\python.exe", "ParentImage": "C:\\Windows\\System32\\cmd.exe", "CommandLine": "C:\\Program Files\\Python310\\python.exe app.py", "User": "DESKTOP-LAB\\user01", "SourceIp": "10.0.1.51", "DestinationIp": "", "DestinationPort": 0}
{"EventID": 1, "UtcTime": "2026-03-26 14:48:16.000", "ProcessId": 2032, "Image": "C:\\Windows\\System32\\conhost.exe", "ParentImage": "C:\\Windows\\System32\\cmd.exe", "CommandLine": "C:\\Windows\\System32\\conhost.exe 0xffffffff -ForceV1", "User": "DESKTOP-LAB\\user01", "SourceIp": "10.0.1.53", "DestinationIp": "", "DestinationPort": 0}
{"EventID": 1, "UtcTime": "2026-03-26 10:48:03.000", "ProcessId": 5584, "Image": "C:\\Windows\\System32\\conhost.exe", "ParentImage": "C:\\Windows\\System32\\cmd.exe", "CommandLine": "C:\\Windows\\System32\\conhost.exe 0xffffffff -ForceV1", "User": "DESKTOP-LAB\\user01", "SourceIp": "10.0.1.54", "DestinationIp": "", "DestinationPort": 0}
{"EventID": 1, "UtcTime": "2026-03-26 13:10:39.000", "ProcessId": 3349, "Image": "C:\\Windows\\System32\\svchost.exe", "ParentImage": "C:\\Windows\\System32\\services.exe", "CommandLine": "C:\\Windows\\System32\\svchost.exe -k netsvcs", "User": "DESKTOP-LAB\\user01", "SourceIp": "10.0.1.52", "DestinationIp": "", "DestinationPort": 0}
{"EventID": 1, "UtcTime": "2026-03-26 12:05:50.000", "ProcessId": 5511, "Image": "C:\\Program Files\\Google\\Chrome\\Application\\chrome.exe", "ParentImage": "C:\\Windows\\explorer.exe", "CommandLine": "C:\\Program Files\\Google\\Chrome\\Application\\chrome.exe --type=renderer", "User": "DESKTOP-LAB\\user01", "SourceIp": "10.0.1.51", "DestinationIp": "", "DestinationPort": 0}
{"EventID": 1, "UtcTime": "2026-03-26 12:33:20.000", "ProcessId": 4116, "Image": "C:\\Program Files\\Python310\\python.exe", "ParentImage": "C:\\Windows\\System32\\cmd.exe", "CommandLine": "C:\\Program Files\\Python310\\python.exe app.py", "User": "DESKTOP-LAB\\user01", "SourceIp": "10.0.1.51", "DestinationIp": "", "DestinationPort": 0}
{"EventID": 1, "UtcTime": "2026-03-26 11:40:19.000", "ProcessId": 9091, "Image": "C:\\Program Files\\Google\\Chrome\\Application\\chrome.exe", "ParentImage": "C:\\Windows\\explorer.exe", "CommandLine": "C:\\Program Files\\Google\\Chrome\\Application\\chrome.exe --type=renderer", "User": "DESKTOP-LAB\\user01", "SourceIp": "10.0.1.52", "DestinationIp": "", "DestinationPort": 0}
{"EventID": 1, "UtcTime": "2026-03-26 12:14:15.000", "ProcessId": 9269, "Image": "C:\\Program Files\\Python310\\python.exe", "ParentImage": "C:\\Windows\\System32\\cmd.exe", "CommandLine": "C:\\Program Files\\Python310\\python.exe app.py", "User": "DESKTOP-LAB\\user01", "SourceIp": "10.0.1.53", "DestinationIp": "", "DestinationPort": 0}
{"EventID": 1, "UtcTime": "2026-03-26 12:55:55.000", "ProcessId": 5804, "Image": "C:\\Program Files\\Google\\Chrome\\Application\\chrome.exe", "ParentImage": "C:\\Windows\\explorer.exe", "CommandLine": "C:\\Program Files\\Google\\Chrome\\Application\\chrome.exe --type=renderer", "User": "DESKTOP-LAB\\user01", "SourceIp": "10.0.1.50", "DestinationIp": "", "DestinationPort": 0}
{"EventID": 1, "UtcTime": "2026-03-26 11:25:45.000", "ProcessId": 7160, "Image": "C:\\Program Files\\Google\\Chrome\\Application\\chrome.exe", "ParentImage": "C:\\Windows\\explorer.exe", "CommandLine": "C:\\Program Files\\Google\\Chrome\\Application\\chrome.exe --type=renderer", "User": "DESKTOP-LAB\\user01", "SourceIp": "10.0.1.50", "DestinationIp": "", "DestinationPort": 0}
{"EventID": 1, "UtcTime": "2026-03-26 11:08:21.000", "ProcessId": 3170, "Image": "C:\\Windows\\System32\\svchost.exe", "ParentImage": "C:\\Windows\\System32\\services.exe", "CommandLine": "C:\\Windows\\System32\\svchost.exe -k netsvcs", "User": "DESKTOP-LAB\\user01", "SourceIp": "10.0.1.54", "DestinationIp": "", "DestinationPort": 0}
{"EventID": 1, "UtcTime": "2026-03-26 10:52:03.000", "ProcessId": 9542, "Image": "C:\\Windows\\System32\\svchost.exe", "ParentImage": "C:\\Windows\\System32\\services.exe", "CommandLine": "C:\\Windows\\System32\\svchost.exe -k netsvcs", "User": "DESKTOP-LAB\\user01", "SourceIp": "10.0.1.55", "DestinationIp": "", "DestinationPort": 0}
{"EventID": 1, "UtcTime": "2026-03-26 14:05:02.000", "ProcessId": 3377, "Image": "C:\\Program Files\\Google\\Chrome\\Application\\chrome.exe", "ParentImage": "C:\\Windows\\explorer.exe", "CommandLine": "C:\\Program Files\\Google\\Chrome\\Application\\chrome.exe --type=renderer", "User": "DESKTOP-LAB\\user01", "SourceIp": "10.0.1.51", "DestinationIp": "", "DestinationPort": 0}
{"EventID": 1, "UtcTime": "2026-03-26 10:46:04.000", "ProcessId": 9992, "Image": "C:\\Windows\\System32\\svchost.exe", "ParentImage": "C:\\Windows\\System32\\services.exe", "CommandLine": "C:\\Windows\\System32\\svchost.exe -k netsvcs", "User": "DESKTOP-LAB\\user01", "SourceIp": "10.0.1.50", "DestinationIp": "", "DestinationPort": 0}
{"EventID": 1, "UtcTime": "2026-03-26 14:24:46.000", "ProcessId": 2488, "Image": "C:\\Program Files\\Python310\\python.exe", "ParentImage": "C:\\Windows\\System32\\cmd.exe", "CommandLine": "C:\\Program Files\\Python310\\python.exe app.py", "User": "DESKTOP-LAB\\user01", "SourceIp": "10.0.1.50", "DestinationIp": "", "DestinationPort": 0}
{"EventID": 1, "UtcTime": "2026-03-26 11:58:16.000", "ProcessId": 2193, "Image": "C:\\Windows\\System32\\notepad.exe", "ParentImage": "C:\\Windows\\explorer.exe", "CommandLine": "C:\\Windows\\System32\\notepad.exe document.txt", "User": "DESKTOP-LAB\\user01", "SourceIp": "10.0.1.55", "DestinationIp": "", "DestinationPort": 0}
{"EventID": 1, "UtcTime": "2026-03-26 10:27:47.000", "ProcessId": 3859, "Image": "C:\\Windows\\System32\\notepad.exe", "ParentImage": "C:\\Windows\\explorer.exe", "CommandLine": "C:\\Windows\\System32\\notepad.exe document.txt", "User": "DESKTOP-LAB\\user01", "SourceIp": "10.0.1.54", "DestinationIp": "", "DestinationPort": 0}
{"EventID": 1, "UtcTime": "2026-03-26 09:26:18.000", "ProcessId": 7147, "Image": "C:\\Windows\\System32\\notepad.exe", "ParentImage": "C:\\Windows\\explorer.exe", "CommandLine": "C:\\Windows\\System32\\notepad.exe document.txt", "User": "DESKTOP-LAB\\user01", "SourceIp": "10.0.1.53", "DestinationIp": "", "DestinationPort": 0}
{"EventID": 1, "UtcTime": "2026-03-26 12:06:04.000", "ProcessId": 9870, "Image": "C:\\Windows\\System32\\conhost.exe", "ParentImage": "C:\\Windows\\System32\\cmd.exe", "CommandLine": "C:\\Windows\\System32\\conhost.exe 0xffffffff -ForceV1", "User": "DESKTOP-LAB\\user01", "SourceIp": "10.0.1.53", "DestinationIp": "", "DestinationPort": 0}
{"EventID": 1, "UtcTime": "2026-03-26 11:52:09.000", "ProcessId": 6414, "Image": "C:\\Program Files\\Google\\Chrome\\Application\\chrome.exe", "ParentImage": "C:\\Windows\\explorer.exe", "CommandLine": "C:\\Program Files\\Google\\Chrome\\Application\\chrome.exe --type=renderer", "User": "DESKTOP-LAB\\user01", "SourceIp": "10.0.1.50", "DestinationIp": "", "DestinationPort": 0}
{"EventID": 1, "UtcTime": "2026-03-26 11:00:28.000", "ProcessId": 1249, "Image": "C:\\Program Files\\Python310\\python.exe", "ParentImage": "C:\\Windows\\System32\\cmd.exe", "CommandLine": "C:\\Program Files\\Python310\\python.exe app.py", "User": "DESKTOP-LAB\\user01", "SourceIp": "10.0.1.52", "DestinationIp": "", "DestinationPort": 0}
{"EventID": 1, "UtcTime": "2026-03-26 13:27:34.000", "ProcessId": 3539, "Image": "C:\\Windows\\System32\\notepad.exe", "ParentImage": "C:\\Windows\\explorer.exe", "CommandLine": "C:\\Windows\\System32\\notepad.exe document.txt", "User": "DESKTOP-LAB\\user01", "SourceIp": "10.0.1.52", "DestinationIp": "", "DestinationPort": 0}
{"EventID": 1, "UtcTime": "2026-03-26 14:02:04.000", "ProcessId": 9645, "Image": "C:\\Windows\\System32\\notepad.exe", "ParentImage": "C:\\Windows\\explorer.exe", "CommandLine": "C:\\Windows\\System32\\notepad.exe document.txt", "User": "DESKTOP-LAB\\user01", "SourceIp": "10.0.1.51", "DestinationIp": "", "DestinationPort": 0}
{"EventID": 1, "UtcTime": "2026-03-26 12:54:27.000", "ProcessId": 6828, "Image": "C:\\Program Files\\Python310\\python.exe", "ParentImage": "C:\\Windows\\System32\\cmd.exe", "CommandLine": "C:\\Program Files\\Python310\\python.exe app.py", "User": "DESKTOP-LAB\\user01", "SourceIp": "10.0.1.55", "DestinationIp": "", "DestinationPort": 0}
{"EventID": 1, "UtcTime": "2026-03-26 09:43:24.000", "ProcessId": 7097, "Image": "C:\\Windows\\System32\\conhost.exe", "ParentImage": "C:\\Windows\\System32\\cmd.exe", "CommandLine": "C:\\Windows\\System32\\conhost.exe 0xffffffff -ForceV1", "User": "DESKTOP-LAB\\user01", "SourceIp": "10.0.1.54", "DestinationIp": "", "DestinationPort": 0}
{"EventID": 1, "UtcTime": "2026-03-26 11:36:54.000", "ProcessId": 5723, "Image": "C:\\Program Files\\Google\\Chrome\\Application\\chrome.exe", "ParentImage": "C:\\Windows\\explorer.exe", "CommandLine": "C:\\Program Files\\Google\\Chrome\\Application\\chrome.exe --type=renderer", "User": "DESKTOP-LAB\\user01", "SourceIp": "10.0.1.50", "DestinationIp": "", "DestinationPort": 0}
{"EventID": 1, "UtcTime": "2026-03-26 10:59:42.000", "ProcessId": 4245, "Image": "C:\\Program Files\\Google\\Chrome\\Application\\chrome.exe", "ParentImage": "C:\\Windows\\explorer.exe", "CommandLine": "C:\\Program Files\\Google\\Chrome\\Application\\chrome.exe --type=renderer", "User": "DESKTOP-LAB\\user01", "SourceIp": "10.0.1.50", "DestinationIp": "", "DestinationPort": 0}
{"EventID": 1, "UtcTime": "2026-03-26 12:44:15.000", "ProcessId": 4262, "Image": "C:\\Program Files\\Python310\\python.exe", "ParentImage": "C:\\Windows\\System32\\cmd.exe", "CommandLine": "C:\\Program Files\\Python310\\python.exe app.py", "User": "DESKTOP-LAB\\user01", "SourceIp": "10.0.1.55", "DestinationIp": "", "DestinationPort": 0}
{"EventID": 1, "UtcTime": "2026-03-26 11:49:46.000", "ProcessId": 2082, "Image": "C:\\Program Files\\Google\\Chrome\\Application\\chrome.exe", "ParentImage": "C:\\Windows\\explorer.exe", "CommandLine": "C:\\Program Files\\Google\\Chrome\\Application\\chrome.exe --type=renderer", "User": "DESKTOP-LAB\\user01", "SourceIp": "10.0.1.54", "DestinationIp": "", "DestinationPort": 0}
{"EventID": 1, "UtcTime": "2026-03-26 13:10:50.000", "ProcessId": 5513, "Image": "C:\\Windows\\System32\\svchost.exe", "ParentImage": "C:\\Windows\\System32\\services.exe", "CommandLine": "C:\\Windows\\System32\\svchost.exe -k netsvcs", "User": "DESKTOP-LAB\\user01", "SourceIp": "10.0.1.50", "DestinationIp": "", "DestinationPort": 0}
{"EventID": 1, "UtcTime": "2026-03-26 12:56:36.000", "ProcessId": 5152, "Image": "C:\\Program Files\\Google\\Chrome\\Application\\chrome.exe", "ParentImage": "C:\\Windows\\explorer.exe", "CommandLine": "C:\\Program Files\\Google\\Chrome\\Application\\chrome.exe --type=renderer", "User": "DESKTOP-LAB\\user01", "SourceIp": "10.0.1.50", "DestinationIp": "", "DestinationPort": 0}
{"EventID": 1, "UtcTime": "2026-03-26 10:51:29.000", "ProcessId": 4215, "Image": "C:\\Program Files\\Python310\\python.exe", "ParentImage": "C:\\Windows\\System32\\cmd.exe", "CommandLine": "C:\\Program Files\\Python310\\python.exe app.py", "User": "DESKTOP-LAB\\user01", "SourceIp": "10.0.1.53", "DestinationIp": "", "DestinationPort": 0}
{"EventID": 1, "UtcTime": "2026-03-26 14:28:28.000", "ProcessId": 7910, "Image": "C:\\Windows\\System32\\svchost.exe", "ParentImage": "C:\\Windows\\System32\\services.exe", "CommandLine": "C:\\Windows\\System32\\svchost.exe -k netsvcs", "User": "DESKTOP-LAB\\user01", "SourceIp": "10.0.1.55", "DestinationIp": "", "DestinationPort": 0}
{"EventID": 1, "UtcTime": "2026-03-26 14:57:31.000", "ProcessId": 7482, "Image": "C:\\Program Files\\Google\\Chrome\\Application\\chrome.exe", "ParentImage": "C:\\Windows\\explorer.exe", "CommandLine": "C:\\Program Files\\Google\\Chrome\\Application\\chrome.exe --type=renderer", "User": "DESKTOP-LAB\\user01", "SourceIp": "10.0.1.55", "DestinationIp": "", "DestinationPort": 0}
{"EventID": 1, "UtcTime": "2026-03-26 11:14:22.000", "ProcessId": 7327, "Image": "C:\\Program Files\\Google\\Chrome\\Application\\chrome.exe", "ParentImage": "C:\\Windows\\explorer.exe", "CommandLine": "C:\\Program Files\\Google\\Chrome\\Application\\chrome.exe --type=renderer", "User": "DESKTOP-LAB\\user01", "SourceIp": "10.0.1.55", "DestinationIp": "", "DestinationPort": 0}
{"EventID": 1, "UtcTime": "2026-03-26 12:09:02.000", "ProcessId": 1971, "Image": "C:\\Windows\\System32\\conhost.exe", "ParentImage": "C:\\Windows\\System32\\cmd.exe", "CommandLine": "C:\\Windows\\System32\\conhost.exe 0xffffffff -ForceV1", "User": "DESKTOP-LAB\\user01", "SourceIp": "10.0.1.54", "DestinationIp": "", "DestinationPort": 0}
{"EventID": 1, "UtcTime": "2026-03-26 10:47:04.000", "ProcessId": 8379, "Image": "C:\\Program Files\\Google\\Chrome\\Application\\chrome.exe", "ParentImage": "C:\\Windows\\explorer.exe", "CommandLine": "C:\\Program Files\\Google\\Chrome\\Application\\chrome.exe --type=renderer", "User": "DESKTOP-LAB\\user01", "SourceIp": "10.0.1.55", "DestinationIp": "", "DestinationPort": 0}
{"EventID": 1, "UtcTime": "2026-03-26 11:19:15.000", "ProcessId": 5368, "Image": "C:\\Windows\\System32\\svchost.exe", "ParentImage": "C:\\Windows\\System32\\services.exe", "CommandLine": "C:\\Windows\\System32\\svchost.exe -k netsvcs", "User": "DESKTOP-LAB\\user01", "SourceIp": "10.0.1.51", "DestinationIp": "", "DestinationPort": 0}
{"EventID": 1, "UtcTime": "2026-03-26 12:16:52.000", "ProcessId": 2690, "Image": "C:\\Windows\\System32\\conhost.exe", "ParentImage": "C:\\Windows\\System32\\cmd.exe", "CommandLine": "C:\\Windows\\System32\\conhost.exe 0xffffffff -ForceV1", "User": "DESKTOP-LAB\\user01", "SourceIp": "10.0.1.50", "DestinationIp": "", "DestinationPort": 0}
{"EventID": 1, "UtcTime": "2026-03-26 14:41:29.000", "ProcessId": 1985, "Image": "C:\\Windows\\System32\\notepad.exe", "ParentImage": "C:\\Windows\\explorer.exe", "CommandLine": "C:\\Windows\\System32\\notepad.exe document.txt", "User": "DESKTOP-LAB\\user01", "SourceIp": "10.0.1.54", "DestinationIp": "", "DestinationPort": 0}
{"EventID": 1, "UtcTime": "2026-03-26 14:21:38.000", "ProcessId": 6678, "Image": "C:\\Windows\\System32\\conhost.exe", "ParentImage": "C:\\Windows\\System32\\cmd.exe", "CommandLine": "C:\\Windows\\System32\\conhost.exe 0xffffffff -ForceV1", "User": "DESKTOP-LAB\\user01", "SourceIp": "10.0.1.50", "DestinationIp": "", "DestinationPort": 0}
{"EventID": 1, "UtcTime": "2026-03-26 12:58:44.000", "ProcessId": 9908, "Image": "C:\\Windows\\System32\\conhost.exe", "ParentImage": "C:\\Windows\\System32\\cmd.exe", "CommandLine": "C:\\Windows\\System32\\conhost.exe 0xffffffff -ForceV1", "User": "DESKTOP-LAB\\user01", "SourceIp": "10.0.1.54", "DestinationIp": "", "DestinationPort": 0}
{"EventID": 1, "UtcTime": "2026-03-26 12:56:22.000", "ProcessId": 4273, "Image": "C:\\Windows\\System32\\svchost.exe", "ParentImage": "C:\\Windows\\System32\\services.exe", "CommandLine": "C:\\Windows\\System32\\svchost.exe -k netsvcs", "User": "DESKTOP-LAB\\user01", "SourceIp": "10.0.1.51", "DestinationIp": "", "DestinationPort": 0}
{"EventID": 1, "UtcTime": "2026-03-26 10:34:01.000", "ProcessId": 5648, "Image": "C:\\Program Files\\Python310\\python.exe", "ParentImage": "C:\\Windows\\System32\\cmd.exe", "CommandLine": "C:\\Program Files\\Python310\\python.exe app.py", "User": "DESKTOP-LAB\\user01", "SourceIp": "10.0.1.50", "DestinationIp": "", "DestinationPort": 0}
{"EventID": 1, "UtcTime": "2026-03-26 11:55:38.000", "ProcessId": 6647, "Image": "C:\\Windows\\System32\\conhost.exe", "ParentImage": "C:\\Windows\\System32\\cmd.exe", "CommandLine": "C:\\Windows\\System32\\conhost.exe 0xffffffff -ForceV1", "User": "DESKTOP-LAB\\user01", "SourceIp": "10.0.1.50", "DestinationIp": "", "DestinationPort": 0}
{"EventID": 1, "UtcTime": "2026-03-26 12:18:33.000", "ProcessId": 8194, "Image": "C:\\Windows\\System32\\svchost.exe", "ParentImage": "C:\\Windows\\System32\\services.exe", "CommandLine": "C:\\Windows\\System32\\svchost.exe -k netsvcs", "User": "DESKTOP-LAB\\user01", "SourceIp": "10.0.1.54", "DestinationIp": "", "DestinationPort": 0}
{"EventID": 1, "UtcTime": "2026-03-26 11:54:45.000", "ProcessId": 1546, "Image": "C:\\Program Files\\Python310\\python.exe", "ParentImage": "C:\\Windows\\System32\\cmd.exe", "CommandLine": "C:\\Program Files\\Python310\\python.exe app.py", "User": "DESKTOP-LAB\\user01", "SourceIp": "10.0.1.55", "DestinationIp": "", "DestinationPort": 0}
{"EventID": 1, "UtcTime": "2026-03-26 09:15:49.000", "ProcessId": 5486, "Image": "C:\\Windows\\System32\\conhost.exe", "ParentImage": "C:\\Windows\\System32\\cmd.exe", "CommandLine": "C:\\Windows\\System32\\conhost.exe 0xffffffff -ForceV1", "User": "DESKTOP-LAB\\user01", "SourceIp": "10.0.1.55", "DestinationIp": "", "DestinationPort": 0}
{"EventID": 1, "UtcTime": "2026-03-26 14:58:24.000", "ProcessId": 8859, "Image": "C:\\Windows\\System32\\conhost.exe", "ParentImage": "C:\\Windows\\System32\\cmd.exe", "CommandLine": "C:\\Windows\\System32\\conhost.exe 0xffffffff -ForceV1", "User": "DESKTOP-LAB\\user01", "SourceIp": "10.0.1.50", "DestinationIp": "", "DestinationPort": 0}
{"EventID": 1, "UtcTime": "2026-03-26 13:02:43.000", "ProcessId": 1182, "Image": "C:\\Windows\\System32\\svchost.exe", "ParentImage": "C:\\Windows\\System32\\services.exe", "CommandLine": "C:\\Windows\\System32\\svchost.exe -k netsvcs", "User": "DESKTOP-LAB\\user01", "SourceIp": "10.0.1.53", "DestinationIp": "", "DestinationPort": 0}
{"EventID": 1, "UtcTime": "2026-03-26 09:52:50.000", "ProcessId": 1058, "Image": "C:\\Windows\\System32\\svchost.exe", "ParentImage": "C:\\Windows\\System32\\services.exe", "CommandLine": "C:\\Windows\\System32\\svchost.exe -k netsvcs", "User": "DESKTOP-LAB\\user01", "SourceIp": "10.0.1.52", "DestinationIp": "", "DestinationPort": 0}
{"EventID": 1, "UtcTime": "2026-03-26 14:44:59.000", "ProcessId": 7317, "Image": "C:\\Windows\\System32\\notepad.exe", "ParentImage": "C:\\Windows\\explorer.exe", "CommandLine": "C:\\Windows\\System32\\notepad.exe document.txt", "User": "DESKTOP-LAB\\user01", "SourceIp": "10.0.1.55", "DestinationIp": "", "DestinationPort": 0}
{"EventID": 1, "UtcTime": "2026-03-26 09:08:11.000", "ProcessId": 4932, "Image": "C:\\Program Files\\Python310\\python.exe", "ParentImage": "C:\\Windows\\System32\\cmd.exe", "CommandLine": "C:\\Program Files\\Python310\\python.exe app.py", "User": "DESKTOP-LAB\\user01", "SourceIp": "10.0.1.55", "DestinationIp": "", "DestinationPort": 0}
{"EventID": 1, "UtcTime": "2026-03-26 14:15:46.000", "ProcessId": 4053, "Image": "C:\\Windows\\System32\\conhost.exe", "ParentImage": "C:\\Windows\\System32\\cmd.exe", "CommandLine": "C:\\Windows\\System32\\conhost.exe 0xffffffff -ForceV1", "User": "DESKTOP-LAB\\user01", "SourceIp": "10.0.1.50", "DestinationIp": "", "DestinationPort": 0}
{"EventID": 1, "UtcTime": "2026-03-26 11:18:43.000", "ProcessId": 2891, "Image": "C:\\Windows\\System32\\conhost.exe", "ParentImage": "C:\\Windows\\System32\\cmd.exe", "CommandLine": "C:\\Windows\\System32\\conhost.exe 0xffffffff -ForceV1", "User": "DESKTOP-LAB\\user01", "SourceIp": "10.0.1.53", "DestinationIp": "", "DestinationPort": 0}
{"EventID": 1, "UtcTime": "2026-03-26 11:32:48.000", "ProcessId": 9940, "Image": "C:\\Program Files\\Python310\\python.exe", "ParentImage": "C:\\Windows\\System32\\cmd.exe", "CommandLine": "C:\\Program Files\\Python310\\python.exe app.py", "User": "DESKTOP-LAB\\user01", "SourceIp": "10.0.1.54", "DestinationIp": "", "DestinationPort": 0}
{"EventID": 1, "UtcTime": "2026-03-26 12:40:49.000", "ProcessId": 1216, "Image": "C:\\Windows\\System32\\conhost.exe", "ParentImage": "C:\\Windows\\System32\\cmd.exe", "CommandLine": "C:\\Windows\\System32\\conhost.exe 0xffffffff -ForceV1", "User": "DESKTOP-LAB\\user01", "SourceIp": "10.0.1.52", "DestinationIp": "", "DestinationPort": 0}
{"EventID": 1, "UtcTime": "2026-03-26 11:53:18.000", "ProcessId": 3816, "Image": "C:\\Program Files\\Google\\Chrome\\Application\\chrome.exe", "ParentImage": "C:\\Windows\\explorer.exe", "CommandLine": "C:\\Program Files\\Google\\Chrome\\Application\\chrome.exe --type=renderer", "User": "DESKTOP-LAB\\user01", "SourceIp": "10.0.1.53", "DestinationIp": "", "DestinationPort": 0}
{"EventID": 1, "UtcTime": "2026-03-26 12:27:54.000", "ProcessId": 5263, "Image": "C:\\Program Files\\Google\\Chrome\\Application\\chrome.exe", "ParentImage": "C:\\Windows\\explorer.exe", "CommandLine": "C:\\Program Files\\Google\\Chrome\\Application\\chrome.exe --type=renderer", "User": "DESKTOP-LAB\\user01", "SourceIp": "10.0.1.55", "DestinationIp": "", "DestinationPort": 0}
{"EventID": 1, "UtcTime": "2026-03-26 11:38:18.000", "ProcessId": 3185, "Image": "C:\\Program Files\\Google\\Chrome\\Application\\chrome.exe", "ParentImage": "C:\\Windows\\explorer.exe", "CommandLine": "C:\\Program Files\\Google\\Chrome\\Application\\chrome.exe --type=renderer", "User": "DESKTOP-LAB\\user01", "SourceIp": "10.0.1.51", "DestinationIp": "", "DestinationPort": 0}
